{"numTotalTestSuites":1336,"numPassedTestSuites":1305,"numFailedTestSuites":31,"numPendingTestSuites":0,"numTotalTests":2341,"numPassedTests":2300,"numFailedTests":16,"numPendingTests":25,"numTodoTests":0,"snapshot":{"added":0,"failure":false,"filesAdded":0,"filesRemoved":0,"filesRemovedList":[],"filesUnmatched":0,"filesUpdated":0,"matched":0,"total":0,"unchecked":0,"uncheckedKeysByFile":[],"unmatched":0,"updated":0,"didUpdate":false},"startTime":1773262581744,"success":false,"testResults":[{"assertionResults":[{"ancestorTitles":["App"],"fullName":"App exports root app component","status":"passed","title":"exports root app component","duration":1.9364999999997963,"failureMessages":[],"meta":{}},{"ancestorTitles":["App"],"fullName":"App renders without crashing and shows LandingPage initially","status":"failed","title":"renders without crashing and shows LandingPage initially","duration":85.46860000000015,"failureMessages":["Error: [vitest] No \"default\" export is defined on the \"../components/GameEngine\" mock. Did you forget to return it from \"vi.mock\"?\nIf you need to partially mock a module, you can use \"importOriginal\" helper inside:\n\n    at VitestMocker.createError (file:///D:/crypto-cyber-survivors/node_modules/vitest/dist/chunks/startModuleRunner.DEj0jb3e.js:311:17)\n    at Object.get (file:///D:/crypto-cyber-survivors/node_modules/vitest/dist/chunks/startModuleRunner.DEj0jb3e.js:384:16)\n    at App (D:/crypto-cyber-survivors/App.tsx:667:22)\n    at Object.react_stack_bottom_frame (D:\\crypto-cyber-survivors\\node_modules\\react-dom\\cjs\\react-dom-client.development.js:25904:20)\n    at renderWithHooks (D:\\crypto-cyber-survivors\\node_modules\\react-dom\\cjs\\react-dom-client.development.js:7662:22)\n    at updateFunctionComponent (D:\\crypto-cyber-survivors\\node_modules\\react-dom\\cjs\\react-dom-client.development.js:10166:19)\n    at beginWork (D:\\crypto-cyber-survivors\\node_modules\\react-dom\\cjs\\react-dom-client.development.js:11778:18)\n    at runWithFiberInDEV (D:\\crypto-cyber-survivors\\node_modules\\react-dom\\cjs\\react-dom-client.development.js:874:13)\n    at performUnitOfWork (D:\\crypto-cyber-survivors\\node_modules\\react-dom\\cjs\\react-dom-client.development.js:17641:22)\n    at workLoopSync (D:\\crypto-cyber-survivors\\node_modules\\react-dom\\cjs\\react-dom-client.development.js:17469:41)"],"meta":{}},{"ancestorTitles":["App"],"fullName":"App restores last menu screen from sessionStorage on refresh","status":"failed","title":"restores last menu screen from sessionStorage on refresh","duration":4.368099999999686,"failureMessages":["Error: [vitest] No \"default\" export is defined on the \"../components/GameEngine\" mock. Did you forget to return it from \"vi.mock\"?\nIf you need to partially mock a module, you can use \"importOriginal\" helper inside:\n\n    at VitestMocker.createError (file:///D:/crypto-cyber-survivors/node_modules/vitest/dist/chunks/startModuleRunner.DEj0jb3e.js:311:17)\n    at Object.get (file:///D:/crypto-cyber-survivors/node_modules/vitest/dist/chunks/startModuleRunner.DEj0jb3e.js:384:16)\n    at App (D:/crypto-cyber-survivors/App.tsx:667:22)\n    at Object.react_stack_bottom_frame (D:\\crypto-cyber-survivors\\node_modules\\react-dom\\cjs\\react-dom-client.development.js:25904:20)\n    at renderWithHooks (D:\\crypto-cyber-survivors\\node_modules\\react-dom\\cjs\\react-dom-client.development.js:7662:22)\n    at updateFunctionComponent (D:\\crypto-cyber-survivors\\node_modules\\react-dom\\cjs\\react-dom-client.development.js:10166:19)\n    at beginWork (D:\\crypto-cyber-survivors\\node_modules\\react-dom\\cjs\\react-dom-client.development.js:11778:18)\n    at runWithFiberInDEV (D:\\crypto-cyber-survivors\\node_modules\\react-dom\\cjs\\react-dom-client.development.js:874:13)\n    at performUnitOfWork (D:\\crypto-cyber-survivors\\node_modules\\react-dom\\cjs\\react-dom-client.development.js:17641:22)\n    at workLoopSync (D:\\crypto-cyber-survivors\\node_modules\\react-dom\\cjs\\react-dom-client.development.js:17469:41)"],"meta":{}}],"startTime":1773262587881,"endTime":1773262587972.3682,"status":"failed","message":"","name":"D:/crypto-cyber-survivors/tests/App.test.tsx"},{"assertionResults":[{"ancestorTitles":["AudioService","mute controls"],"fullName":"AudioService mute controls should start unmuted","status":"passed","title":"should start unmuted","duration":1.7112999999999374,"failureMessages":[],"meta":{}},{"ancestorTitles":["AudioService","mute controls"],"fullName":"AudioService mute controls should toggle mute state","status":"passed","title":"should toggle mute state","duration":0.6007000000001881,"failureMessages":[],"meta":{}},{"ancestorTitles":["AudioService","mute controls"],"fullName":"AudioService mute controls should return new mute state from toggleMute","status":"passed","title":"should return new mute state from toggleMute","duration":0.37819999999987886,"failureMessages":[],"meta":{}},{"ancestorTitles":["AudioService","volume controls"],"fullName":"AudioService volume controls should start with volume at 1.0","status":"passed","title":"should start with volume at 1.0","duration":0.2417000000000371,"failureMessages":[],"meta":{}},{"ancestorTitles":["AudioService","volume controls"],"fullName":"AudioService volume controls should set volume within valid range","status":"passed","title":"should set volume within valid range","duration":0.32770000000004984,"failureMessages":[],"meta":{}},{"ancestorTitles":["AudioService","volume controls"],"fullName":"AudioService volume controls should clamp volume to minimum 0","status":"passed","title":"should clamp volume to minimum 0","duration":0.20100000000002183,"failureMessages":[],"meta":{}},{"ancestorTitles":["AudioService","volume controls"],"fullName":"AudioService volume controls should clamp volume to maximum 1","status":"passed","title":"should clamp volume to maximum 1","duration":0.19389999999998508,"failureMessages":[],"meta":{}},{"ancestorTitles":["AudioService","volume controls"],"fullName":"AudioService volume controls should accept boundary values","status":"passed","title":"should accept boundary values","duration":0.23649999999997817,"failureMessages":[],"meta":{}},{"ancestorTitles":["AudioService","state persistence"],"fullName":"AudioService state persistence should maintain mute state across multiple toggles","status":"passed","title":"should maintain mute state across multiple toggles","duration":0.23299999999994725,"failureMessages":[],"meta":{}},{"ancestorTitles":["AudioService","state persistence"],"fullName":"AudioService state persistence should maintain volume after mute/unmute cycle","status":"passed","title":"should maintain volume after mute/unmute cycle","duration":0.27100000000018554,"failureMessages":[],"meta":{}},{"ancestorTitles":["AudioService","synthesized sounds"],"fullName":"AudioService synthesized sounds should have mocked AudioContext globally","status":"passed","title":"should have mocked AudioContext globally","duration":0.5490999999999531,"failureMessages":[],"meta":{}},{"ancestorTitles":["AudioService","synthesized sounds"],"fullName":"AudioService synthesized sounds should initialize AudioContext on first play","status":"passed","title":"should initialize AudioContext on first play","duration":1.6316999999999098,"failureMessages":[],"meta":{}},{"ancestorTitles":["AudioService","synthesized sounds"],"fullName":"AudioService synthesized sounds should play shoot sound","status":"passed","title":"should play shoot sound","duration":1.1757000000000062,"failureMessages":[],"meta":{}},{"ancestorTitles":["AudioService","synthesized sounds"],"fullName":"AudioService synthesized sounds should handle multi-projectile shoot sound","status":"passed","title":"should handle multi-projectile shoot sound","duration":1.1275000000000546,"failureMessages":[],"meta":{}},{"ancestorTitles":["AudioService","synthesized sounds"],"fullName":"AudioService synthesized sounds should play crit sound","status":"passed","title":"should play crit sound","duration":0.6986000000001695,"failureMessages":[],"meta":{}},{"ancestorTitles":["AudioService","synthesized sounds"],"fullName":"AudioService synthesized sounds should play hit sound","status":"passed","title":"should play hit sound","duration":0.6901000000000295,"failureMessages":[],"meta":{}},{"ancestorTitles":["AudioService","synthesized sounds"],"fullName":"AudioService synthesized sounds should play gem sound","status":"passed","title":"should play gem sound","duration":0.5118999999999687,"failureMessages":[],"meta":{}},{"ancestorTitles":["AudioService","synthesized sounds"],"fullName":"AudioService synthesized sounds should play level up sound","status":"passed","title":"should play level up sound","duration":0.9527000000000498,"failureMessages":[],"meta":{}},{"ancestorTitles":["AudioService","synthesized sounds"],"fullName":"AudioService synthesized sounds should play dash sound","status":"passed","title":"should play dash sound","duration":0.5469000000000506,"failureMessages":[],"meta":{}},{"ancestorTitles":["AudioService","synthesized sounds"],"fullName":"AudioService synthesized sounds should play combo sound","status":"passed","title":"should play combo sound","duration":0.4941000000001168,"failureMessages":[],"meta":{}},{"ancestorTitles":["AudioService","synthesized sounds"],"fullName":"AudioService synthesized sounds should play death sound","status":"passed","title":"should play death sound","duration":0.9068999999999505,"failureMessages":[],"meta":{}},{"ancestorTitles":["AudioService","synthesized sounds"],"fullName":"AudioService synthesized sounds should respect cooldowns","status":"passed","title":"should respect cooldowns","duration":3.167799999999943,"failureMessages":[],"meta":{}},{"ancestorTitles":["AudioService","synthesized sounds","Combo Milestones"],"fullName":"AudioService synthesized sounds Combo Milestones should play all combo milestone sounds","status":"passed","title":"should play all combo milestone sounds","duration":5.40910000000008,"failureMessages":[],"meta":{}},{"ancestorTitles":["AudioService","synthesized sounds","Slot Machine Sounds"],"fullName":"AudioService synthesized sounds Slot Machine Sounds should play slot tick","status":"passed","title":"should play slot tick","duration":0.4914000000001124,"failureMessages":[],"meta":{}},{"ancestorTitles":["AudioService","synthesized sounds","Slot Machine Sounds"],"fullName":"AudioService synthesized sounds Slot Machine Sounds should play anticipation sound","status":"passed","title":"should play anticipation sound","duration":0.5360000000000582,"failureMessages":[],"meta":{}},{"ancestorTitles":["AudioService","synthesized sounds","Slot Machine Sounds"],"fullName":"AudioService synthesized sounds Slot Machine Sounds should respect slot tick cooldown","status":"passed","title":"should respect slot tick cooldown","duration":1.0988999999999578,"failureMessages":[],"meta":{}},{"ancestorTitles":["AudioService","synthesized sounds","Howler Integration"],"fullName":"AudioService synthesized sounds Howler Integration should load sound via Howler","status":"passed","title":"should load sound via Howler","duration":0.2826000000000022,"failureMessages":[],"meta":{}},{"ancestorTitles":["AudioService","synthesized sounds","Howler Integration"],"fullName":"AudioService synthesized sounds Howler Integration should play loaded sound","status":"passed","title":"should play loaded sound","duration":0.18829999999979918,"failureMessages":[],"meta":{}},{"ancestorTitles":["AudioService","synthesized sounds","Howler Integration"],"fullName":"AudioService synthesized sounds Howler Integration should stop loaded sound","status":"passed","title":"should stop loaded sound","duration":0.18389999999999418,"failureMessages":[],"meta":{}},{"ancestorTitles":["AudioService","synthesized sounds","Howler Integration"],"fullName":"AudioService synthesized sounds Howler Integration should unload all sounds","status":"passed","title":"should unload all sounds","duration":0.25149999999985084,"failureMessages":[],"meta":{}}],"startTime":1773262601029,"endTime":1773262601056.2515,"status":"passed","message":"","name":"D:/crypto-cyber-survivors/tests/audioService.test.ts"},{"assertionResults":[{"ancestorTitles":["Bitcoin-PNL-Difficulty System","PNL Calculation"],"fullName":"Bitcoin-PNL-Difficulty System PNL Calculation should calculate positive PNL when LONG and price goes UP","status":"passed","title":"should calculate positive PNL when LONG and price goes UP","duration":2.088899999999967,"failureMessages":[],"meta":{}},{"ancestorTitles":["Bitcoin-PNL-Difficulty System","PNL Calculation"],"fullName":"Bitcoin-PNL-Difficulty System PNL Calculation should calculate negative PNL when LONG and price goes DOWN","status":"passed","title":"should calculate negative PNL when LONG and price goes DOWN","duration":0.679300000000012,"failureMessages":[],"meta":{}},{"ancestorTitles":["Bitcoin-PNL-Difficulty System","PNL Calculation"],"fullName":"Bitcoin-PNL-Difficulty System PNL Calculation should calculate positive PNL when SHORT and price goes DOWN","status":"passed","title":"should calculate positive PNL when SHORT and price goes DOWN","duration":0.4736000000000331,"failureMessages":[],"meta":{}},{"ancestorTitles":["Bitcoin-PNL-Difficulty System","PNL Calculation"],"fullName":"Bitcoin-PNL-Difficulty System PNL Calculation should calculate negative PNL when SHORT and price goes UP","status":"passed","title":"should calculate negative PNL when SHORT and price goes UP","duration":0.41599999999994,"failureMessages":[],"meta":{}},{"ancestorTitles":["Bitcoin-PNL-Difficulty System","Leverage Effect"],"fullName":"Bitcoin-PNL-Difficulty System Leverage Effect should amplify PNL by leverage multiplier","status":"passed","title":"should amplify PNL by leverage multiplier","duration":0.5705000000000382,"failureMessages":[],"meta":{}},{"ancestorTitles":["Bitcoin-PNL-Difficulty System","Leverage Effect"],"fullName":"Bitcoin-PNL-Difficulty System Leverage Effect should amplify losses as well as profits","status":"passed","title":"should amplify losses as well as profits","duration":0.2806000000000495,"failureMessages":[],"meta":{}},{"ancestorTitles":["Bitcoin-PNL-Difficulty System","Difficulty Response to PNL"],"fullName":"Bitcoin-PNL-Difficulty System Difficulty Response to PNL should make game EASIER when player is profiting","status":"passed","title":"should make game EASIER when player is profiting","duration":1.8661999999999352,"failureMessages":[],"meta":{}},{"ancestorTitles":["Bitcoin-PNL-Difficulty System","Difficulty Response to PNL"],"fullName":"Bitcoin-PNL-Difficulty System Difficulty Response to PNL should make game HARDER when player is losing","status":"passed","title":"should make game HARDER when player is losing","duration":0.7863999999999578,"failureMessages":[],"meta":{}},{"ancestorTitles":["Bitcoin-PNL-Difficulty System","Difficulty Response to PNL"],"fullName":"Bitcoin-PNL-Difficulty System Difficulty Response to PNL should scale difficulty with loss magnitude","status":"passed","title":"should scale difficulty with loss magnitude","duration":0.5963999999999032,"failureMessages":[],"meta":{}},{"ancestorTitles":["Bitcoin-PNL-Difficulty System","Difficulty Response to PNL"],"fullName":"Bitcoin-PNL-Difficulty System Difficulty Response to PNL should not go below minimum difficulty even with huge profits","status":"passed","title":"should not go below minimum difficulty even with huge profits","duration":0.4031999999999698,"failureMessages":[],"meta":{}},{"ancestorTitles":["Bitcoin-PNL-Difficulty System","Difficulty Response to PNL"],"fullName":"Bitcoin-PNL-Difficulty System Difficulty Response to PNL should not exceed maximum difficulty even with huge losses","status":"passed","title":"should not exceed maximum difficulty even with huge losses","duration":0.39859999999998763,"failureMessages":[],"meta":{}},{"ancestorTitles":["Bitcoin-PNL-Difficulty System","Volatility (ATR) Effect"],"fullName":"Bitcoin-PNL-Difficulty System Volatility (ATR) Effect should increase difficulty during high volatility","status":"passed","title":"should increase difficulty during high volatility","duration":0.5940000000000509,"failureMessages":[],"meta":{}},{"ancestorTitles":["Bitcoin-PNL-Difficulty System","Volatility (ATR) Effect"],"fullName":"Bitcoin-PNL-Difficulty System Volatility (ATR) Effect should combine volatility with PNL effect","status":"passed","title":"should combine volatility with PNL effect","duration":0.38629999999989195,"failureMessages":[],"meta":{}},{"ancestorTitles":["Bitcoin-PNL-Difficulty System","Near-Death Mercy"],"fullName":"Bitcoin-PNL-Difficulty System Near-Death Mercy should reduce difficulty when HP drops below 20%","status":"passed","title":"should reduce difficulty when HP drops below 20%","duration":0.44499999999993634,"failureMessages":[],"meta":{}},{"ancestorTitles":["Bitcoin-PNL-Difficulty System","Near-Death Mercy"],"fullName":"Bitcoin-PNL-Difficulty System Near-Death Mercy should give losing players a chance to recover","status":"passed","title":"should give losing players a chance to recover","duration":0.4697999999998501,"failureMessages":[],"meta":{}},{"ancestorTitles":["Bitcoin-PNL-Difficulty System","Real-World Scenarios"],"fullName":"Bitcoin-PNL-Difficulty System Real-World Scenarios Scenario: LONG position, BTC pumps 3% with 10x leverage","status":"passed","title":"Scenario: LONG position, BTC pumps 3% with 10x leverage","duration":0.34619999999995343,"failureMessages":[],"meta":{}},{"ancestorTitles":["Bitcoin-PNL-Difficulty System","Real-World Scenarios"],"fullName":"Bitcoin-PNL-Difficulty System Real-World Scenarios Scenario: SHORT position, BTC pumps 3% with 10x leverage","status":"passed","title":"Scenario: SHORT position, BTC pumps 3% with 10x leverage","duration":0.46230000000014115,"failureMessages":[],"meta":{}},{"ancestorTitles":["Bitcoin-PNL-Difficulty System","Real-World Scenarios"],"fullName":"Bitcoin-PNL-Difficulty System Real-World Scenarios Scenario: Sideways market with high volatility","status":"passed","title":"Scenario: Sideways market with high volatility","duration":0.37829999999985375,"failureMessages":[],"meta":{}},{"ancestorTitles":["Bitcoin-PNL-Difficulty System","Real-World Scenarios"],"fullName":"Bitcoin-PNL-Difficulty System Real-World Scenarios Scenario: Player recovering from near-death during crash","status":"passed","title":"Scenario: Player recovering from near-death during crash","duration":0.48499999999989996,"failureMessages":[],"meta":{}}],"startTime":1773262610177,"endTime":1773262610189.485,"status":"passed","message":"","name":"D:/crypto-cyber-survivors/tests/BitcoinPnlDifficulty.test.ts"},{"assertionResults":[{"ancestorTitles":["BuffGemSpawner","initialization"],"fullName":"BuffGemSpawner initialization should initialize with screen dimensions","status":"passed","title":"should initialize with screen dimensions","duration":4.268399999999929,"failureMessages":[],"meta":{}},{"ancestorTitles":["BuffGemSpawner","initialization"],"fullName":"BuffGemSpawner initialization should update dimensions","status":"passed","title":"should update dimensions","duration":1.0798999999999523,"failureMessages":[],"meta":{}},{"ancestorTitles":["BuffGemSpawner","gem spawning"],"fullName":"BuffGemSpawner gem spawning should force spawn a gem","status":"passed","title":"should force spawn a gem","duration":0.9072000000001026,"failureMessages":[],"meta":{}},{"ancestorTitles":["BuffGemSpawner","gem spawning"],"fullName":"BuffGemSpawner gem spawning should spawn specific buff type","status":"passed","title":"should spawn specific buff type","duration":0.6579000000001543,"failureMessages":[],"meta":{}},{"ancestorTitles":["BuffGemSpawner","gem spawning"],"fullName":"BuffGemSpawner gem spawning should spawn gems with correct properties","status":"passed","title":"should spawn gems with correct properties","duration":0.8626999999999043,"failureMessages":[],"meta":{}},{"ancestorTitles":["BuffGemSpawner","gem collection"],"fullName":"BuffGemSpawner gem collection should collect gem and remove from active list","status":"passed","title":"should collect gem and remove from active list","duration":1.0300999999999476,"failureMessages":[],"meta":{}},{"ancestorTitles":["BuffGemSpawner","gem expiration"],"fullName":"BuffGemSpawner gem expiration should expire gems after lifetime","status":"passed","title":"should expire gems after lifetime","duration":0.8688999999999396,"failureMessages":[],"meta":{}},{"ancestorTitles":["BuffGemSpawner","gem expiration"],"fullName":"BuffGemSpawner gem expiration should calculate lifetime ratio correctly","status":"passed","title":"should calculate lifetime ratio correctly","duration":0.6268000000000029,"failureMessages":[],"meta":{}},{"ancestorTitles":["BuffGemSpawner","volatility-based spawning"],"fullName":"BuffGemSpawner volatility-based spawning should not spawn when volatility change is below threshold","status":"passed","title":"should not spawn when volatility change is below threshold","duration":0.39409999999998035,"failureMessages":[],"meta":{}},{"ancestorTitles":["BuffGemSpawner","volatility-based spawning"],"fullName":"BuffGemSpawner volatility-based spawning should spawn when volatility change exceeds threshold","status":"passed","title":"should spawn when volatility change exceeds threshold","duration":2.9086999999999534,"failureMessages":[],"meta":{}},{"ancestorTitles":["BuffGemSpawner","configuration"],"fullName":"BuffGemSpawner configuration should allow configuration changes","status":"passed","title":"should allow configuration changes","duration":0.5420000000001437,"failureMessages":[],"meta":{}},{"ancestorTitles":["BuffGemSpawner","clear and reset"],"fullName":"BuffGemSpawner clear and reset should clear all gems","status":"passed","title":"should clear all gems","duration":0.8381000000001677,"failureMessages":[],"meta":{}},{"ancestorTitles":["BuffGemSpawner","clear and reset"],"fullName":"BuffGemSpawner clear and reset should reset all state","status":"passed","title":"should reset all state","duration":0.46250000000009095,"failureMessages":[],"meta":{}}],"startTime":1773262606759,"endTime":1773262606775.8381,"status":"passed","message":"","name":"D:/crypto-cyber-survivors/tests/BuffGemSpawner.test.ts"},{"assertionResults":[{"ancestorTitles":["BuffManager","initialization"],"fullName":"BuffManager initialization should initialize with a player","status":"passed","title":"should initialize with a player","duration":3.399099999999862,"failureMessages":[],"meta":{}},{"ancestorTitles":["BuffManager","initialization"],"fullName":"BuffManager initialization should return base stats when no effects are applied","status":"passed","title":"should return base stats when no effects are applied","duration":0.8049999999998363,"failureMessages":[],"meta":{}},{"ancestorTitles":["BuffManager","initialization"],"fullName":"BuffManager initialization should throw error when getting stats without initialization","status":"passed","title":"should throw error when getting stats without initialization","duration":1.3790000000001328,"failureMessages":[],"meta":{}},{"ancestorTitles":["BuffManager","buff application"],"fullName":"BuffManager buff application should apply RageMode buff correctly","status":"passed","title":"should apply RageMode buff correctly","duration":1.2327999999999975,"failureMessages":[],"meta":{}},{"ancestorTitles":["BuffManager","buff application"],"fullName":"BuffManager buff application should apply DiamondHands buff correctly","status":"passed","title":"should apply DiamondHands buff correctly","duration":1.0079000000000633,"failureMessages":[],"meta":{}},{"ancestorTitles":["BuffManager","buff application"],"fullName":"BuffManager buff application should apply Berserk buff correctly","status":"passed","title":"should apply Berserk buff correctly","duration":0.9182000000000698,"failureMessages":[],"meta":{}},{"ancestorTitles":["BuffManager","buff application"],"fullName":"BuffManager buff application should apply LuckBoost buff correctly","status":"passed","title":"should apply LuckBoost buff correctly","duration":0.7983999999999014,"failureMessages":[],"meta":{}},{"ancestorTitles":["BuffManager","debuff application"],"fullName":"BuffManager debuff application should apply Slow debuff correctly","status":"passed","title":"should apply Slow debuff correctly","duration":0.6776999999999589,"failureMessages":[],"meta":{}},{"ancestorTitles":["BuffManager","debuff application"],"fullName":"BuffManager debuff application should apply Vulnerable debuff correctly","status":"passed","title":"should apply Vulnerable debuff correctly","duration":0.698699999999917,"failureMessages":[],"meta":{}},{"ancestorTitles":["BuffManager","debuff application"],"fullName":"BuffManager debuff application should apply Liquidated debuff correctly","status":"passed","title":"should apply Liquidated debuff correctly","duration":0.8199999999999363,"failureMessages":[],"meta":{}},{"ancestorTitles":["BuffManager","debuff application"],"fullName":"BuffManager debuff application should apply Weakened debuff correctly","status":"passed","title":"should apply Weakened debuff correctly","duration":0.6492000000000644,"failureMessages":[],"meta":{}},{"ancestorTitles":["BuffManager","stacking effects"],"fullName":"BuffManager stacking effects should stack multiple buffs correctly","status":"passed","title":"should stack multiple buffs correctly","duration":0.7981999999999516,"failureMessages":[],"meta":{}},{"ancestorTitles":["BuffManager","stacking effects"],"fullName":"BuffManager stacking effects should stack buff and debuff correctly","status":"passed","title":"should stack buff and debuff correctly","duration":0.6388999999999214,"failureMessages":[],"meta":{}},{"ancestorTitles":["BuffManager","stacking effects"],"fullName":"BuffManager stacking effects should handle multiple debuffs stacking","status":"passed","title":"should handle multiple debuffs stacking","duration":0.7205999999998767,"failureMessages":[],"meta":{}},{"ancestorTitles":["BuffManager","effect management"],"fullName":"BuffManager effect management should return effect ID when adding","status":"passed","title":"should return effect ID when adding","duration":0.738399999999956,"failureMessages":[],"meta":{}},{"ancestorTitles":["BuffManager","effect management"],"fullName":"BuffManager effect management should remove effect by ID","status":"passed","title":"should remove effect by ID","duration":0.819400000000087,"failureMessages":[],"meta":{}},{"ancestorTitles":["BuffManager","effect management"],"fullName":"BuffManager effect management should remove effect by name","status":"passed","title":"should remove effect by name","duration":0.6091999999998734,"failureMessages":[],"meta":{}},{"ancestorTitles":["BuffManager","effect management"],"fullName":"BuffManager effect management should extend duration when adding same temporary buff","status":"passed","title":"should extend duration when adding same temporary buff","duration":1.9234999999998763,"failureMessages":[],"meta":{}},{"ancestorTitles":["BuffManager","effect management"],"fullName":"BuffManager effect management should not stack permanent effects","status":"passed","title":"should not stack permanent effects","duration":0.634900000000016,"failureMessages":[],"meta":{}},{"ancestorTitles":["BuffManager","effect management"],"fullName":"BuffManager effect management should check if effect exists","status":"passed","title":"should check if effect exists","duration":0.4451000000001386,"failureMessages":[],"meta":{}},{"ancestorTitles":["BuffManager","effect management"],"fullName":"BuffManager effect management should get active effects list","status":"passed","title":"should get active effects list","duration":0.5813000000000557,"failureMessages":[],"meta":{}},{"ancestorTitles":["BuffManager","effect management"],"fullName":"BuffManager effect management should clear all effects","status":"passed","title":"should clear all effects","duration":0.6628000000000611,"failureMessages":[],"meta":{}},{"ancestorTitles":["BuffManager","effect management"],"fullName":"BuffManager effect management should clear only temporary effects","status":"passed","title":"should clear only temporary effects","duration":0.6996000000001459,"failureMessages":[],"meta":{}},{"ancestorTitles":["BuffManager","effect expiration"],"fullName":"BuffManager effect expiration should expire temporary effects after duration","status":"passed","title":"should expire temporary effects after duration","duration":0.5717999999999392,"failureMessages":[],"meta":{}},{"ancestorTitles":["BuffManager","effect expiration"],"fullName":"BuffManager effect expiration should not expire permanent effects","status":"passed","title":"should not expire permanent effects","duration":0.39439999999990505,"failureMessages":[],"meta":{}},{"ancestorTitles":["BuffManager","effect expiration"],"fullName":"BuffManager effect expiration should track remaining time for effects","status":"passed","title":"should track remaining time for effects","duration":0.449500000000171,"failureMessages":[],"meta":{}},{"ancestorTitles":["BuffManager","pause and resume"],"fullName":"BuffManager pause and resume should pause effect timers","status":"passed","title":"should pause effect timers","duration":0.514699999999948,"failureMessages":[],"meta":{}},{"ancestorTitles":["BuffManager","pause and resume"],"fullName":"BuffManager pause and resume should freeze remaining time when paused","status":"passed","title":"should freeze remaining time when paused","duration":0.4542999999998756,"failureMessages":[],"meta":{}},{"ancestorTitles":["BuffManager","pause and resume"],"fullName":"BuffManager pause and resume should not expire effects while paused","status":"passed","title":"should not expire effects while paused","duration":0.39799999999991087,"failureMessages":[],"meta":{}},{"ancestorTitles":["BuffManager","pause and resume"],"fullName":"BuffManager pause and resume should resume and continue countdown","status":"passed","title":"should resume and continue countdown","duration":0.6453000000001339,"failureMessages":[],"meta":{}},{"ancestorTitles":["BuffManager","pause and resume"],"fullName":"BuffManager pause and resume should not affect permanent effects on pause/resume","status":"passed","title":"should not affect permanent effects on pause/resume","duration":0.40859999999997854,"failureMessages":[],"meta":{}},{"ancestorTitles":["Individual Decorators"],"fullName":"Individual Decorators RageModeDecorator should have correct metadata","status":"passed","title":"RageModeDecorator should have correct metadata","duration":0.2944999999999709,"failureMessages":[],"meta":{}},{"ancestorTitles":["Individual Decorators"],"fullName":"Individual Decorators DiamondHandsDecorator should be permanent","status":"passed","title":"DiamondHandsDecorator should be permanent","duration":0.1614999999999327,"failureMessages":[],"meta":{}}],"startTime":1773262603478,"endTime":1773262603505.2944,"status":"passed","message":"","name":"D:/crypto-cyber-survivors/tests/BuffManager.test.ts"},{"assertionResults":[{"ancestorTitles":["CardSystem","rollTier"],"fullName":"CardSystem rollTier should only return common tier at level 1","status":"passed","title":"should only return common tier at level 1","duration":2.955900000000156,"failureMessages":[],"meta":{}},{"ancestorTitles":["CardSystem","rollTier"],"fullName":"CardSystem rollTier should only return common tier at level 2","status":"passed","title":"should only return common tier at level 2","duration":1.3596999999999753,"failureMessages":[],"meta":{}},{"ancestorTitles":["CardSystem","rollTier"],"fullName":"CardSystem rollTier should allow rare tier at level 3+","status":"passed","title":"should allow rare tier at level 3+","duration":0.4151000000001659,"failureMessages":[],"meta":{}},{"ancestorTitles":["CardSystem","rollTier"],"fullName":"CardSystem rollTier should allow epic tier at level 6+","status":"passed","title":"should allow epic tier at level 6+","duration":0.371199999999817,"failureMessages":[],"meta":{}},{"ancestorTitles":["CardSystem","rollTier"],"fullName":"CardSystem rollTier should allow legendary tier at level 10+","status":"passed","title":"should allow legendary tier at level 10+","duration":0.565599999999904,"failureMessages":[],"meta":{}},{"ancestorTitles":["CardSystem","rollTier"],"fullName":"CardSystem rollTier should not allow legendary tier before level 10","status":"passed","title":"should not allow legendary tier before level 10","duration":4.8646000000001095,"failureMessages":[],"meta":{}},{"ancestorTitles":["CardSystem","generateChoices"],"fullName":"CardSystem generateChoices should return exactly 3 cards","status":"passed","title":"should return exactly 3 cards","duration":1.331000000000131,"failureMessages":[],"meta":{}},{"ancestorTitles":["CardSystem","generateChoices"],"fullName":"CardSystem generateChoices should return unique cards (no duplicates)","status":"passed","title":"should return unique cards (no duplicates)","duration":0.22640000000001237,"failureMessages":[],"meta":{}},{"ancestorTitles":["CardSystem","generateChoices"],"fullName":"CardSystem generateChoices should return cards sorted by tier (legendary first)","status":"passed","title":"should return cards sorted by tier (legendary first)","duration":1.4149999999999636,"failureMessages":[],"meta":{}},{"ancestorTitles":["CardSystem","generateChoices"],"fullName":"CardSystem generateChoices should only return common cards at level 1","status":"passed","title":"should only return common cards at level 1","duration":0.8549000000000433,"failureMessages":[],"meta":{}},{"ancestorTitles":["CardSystem","getRandomCardFromTier"],"fullName":"CardSystem getRandomCardFromTier should return a card from the specified tier","status":"passed","title":"should return a card from the specified tier","duration":0.15069999999991524,"failureMessages":[],"meta":{}},{"ancestorTitles":["CardSystem","getRandomCardFromTier"],"fullName":"CardSystem getRandomCardFromTier should return different cards on multiple calls","status":"passed","title":"should return different cards on multiple calls","duration":0.17229999999995016,"failureMessages":[],"meta":{}},{"ancestorTitles":["CardSystem","card effects"],"fullName":"CardSystem card effects should apply every card effect without error","status":"passed","title":"should apply every card effect without error","duration":5.527400000000171,"failureMessages":[],"meta":{}},{"ancestorTitles":["CardSystem","card effects"],"fullName":"CardSystem card effects should modify specific stats for known card types","status":"passed","title":"should modify specific stats for known card types","duration":0.38789999999994507,"failureMessages":[],"meta":{}},{"ancestorTitles":["CardSystem","card effects"],"fullName":"CardSystem card effects should increase hp when maxHp increases via card","status":"passed","title":"should increase hp when maxHp increases via card","duration":0.33379999999988286,"failureMessages":[],"meta":{}},{"ancestorTitles":["CardSystem","card effects"],"fullName":"CardSystem card effects should have modifiers or effect for all cards","status":"passed","title":"should have modifiers or effect for all cards","duration":0.9257999999999811,"failureMessages":[],"meta":{}},{"ancestorTitles":["CardSystem","Utilities"],"fullName":"CardSystem Utilities should return correct tier config","status":"passed","title":"should return correct tier config","duration":0.320699999999988,"failureMessages":[],"meta":{}},{"ancestorTitles":["CardSystem","Utilities"],"fullName":"CardSystem Utilities should return all available tiers","status":"passed","title":"should return all available tiers","duration":1.0695000000000618,"failureMessages":[],"meta":{}}],"startTime":1773262604987,"endTime":1773262605011.0696,"status":"passed","message":"","name":"D:/crypto-cyber-survivors/tests/CardSystem.test.ts"},{"assertionResults":[{"ancestorTitles":["CheatManager"],"fullName":"CheatManager should be a singleton","status":"passed","title":"should be a singleton","duration":3.4827000000000226,"failureMessages":[],"meta":{}},{"ancestorTitles":["CheatManager"],"fullName":"CheatManager should handle \"L\" key for level up","status":"passed","title":"should handle \"L\" key for level up","duration":51.10750000000007,"failureMessages":[],"meta":{}},{"ancestorTitles":["CheatManager"],"fullName":"CheatManager should handle \"H\" key for heal","status":"passed","title":"should handle \"H\" key for heal","duration":2.3216999999999643,"failureMessages":[],"meta":{}},{"ancestorTitles":["CheatManager"],"fullName":"CheatManager should handle \"K\" key for kill all","status":"passed","title":"should handle \"K\" key for kill all","duration":1.5945999999999003,"failureMessages":[],"meta":{}},{"ancestorTitles":["CheatManager"],"fullName":"CheatManager should handle \"G\" key for god mode toggle","status":"passed","title":"should handle \"G\" key for god mode toggle","duration":4.360200000000077,"failureMessages":[],"meta":{}},{"ancestorTitles":["CheatManager"],"fullName":"CheatManager should handle \"1\" key for forced crit toggle","status":"passed","title":"should handle \"1\" key for forced crit toggle","duration":1.7867999999998574,"failureMessages":[],"meta":{}},{"ancestorTitles":["CheatManager"],"fullName":"CheatManager should handle \"2\" key for forced super crit toggle","status":"passed","title":"should handle \"2\" key for forced super crit toggle","duration":1.9493999999999687,"failureMessages":[],"meta":{}},{"ancestorTitles":["CheatManager"],"fullName":"CheatManager should handle \"3\" key for normal firing mode","status":"passed","title":"should handle \"3\" key for normal firing mode","duration":1.9558999999999287,"failureMessages":[],"meta":{}},{"ancestorTitles":["CheatManager"],"fullName":"CheatManager should handle luck keys \"4\", \"5\"","status":"passed","title":"should handle luck keys \"4\", \"5\"","duration":2.52370000000019,"failureMessages":[],"meta":{}},{"ancestorTitles":["CheatManager"],"fullName":"CheatManager should handle \"X\" key for add exp","status":"passed","title":"should handle \"X\" key for add exp","duration":2.838799999999992,"failureMessages":[],"meta":{}},{"ancestorTitles":["CheatManager"],"fullName":"CheatManager should handle \"R\" key for restart","status":"passed","title":"should handle \"R\" key for restart","duration":2.1094000000000506,"failureMessages":[],"meta":{}},{"ancestorTitles":["CheatManager"],"fullName":"CheatManager should handle \"C\" key for combo kill","status":"passed","title":"should handle \"C\" key for combo kill","duration":4.952099999999973,"failureMessages":[],"meta":{}},{"ancestorTitles":["CheatManager"],"fullName":"CheatManager should handle word cheats like \"moon\"","status":"passed","title":"should handle word cheats like \"moon\"","duration":4.51279999999997,"failureMessages":[],"meta":{}},{"ancestorTitles":["CheatManager"],"fullName":"CheatManager should handle word cheats like \"ape\"","status":"passed","title":"should handle word cheats like \"ape\"","duration":2.3541999999999916,"failureMessages":[],"meta":{}},{"ancestorTitles":["CheatManager"],"fullName":"CheatManager should handle word cheats like \"rekt\"","status":"passed","title":"should handle word cheats like \"rekt\"","duration":3.935600000000022,"failureMessages":[],"meta":{}},{"ancestorTitles":["CheatManager"],"fullName":"CheatManager should not trigger cheats when disabled","status":"passed","title":"should not trigger cheats when disabled","duration":0.8550000000000182,"failureMessages":[],"meta":{}},{"ancestorTitles":["CheatManager"],"fullName":"CheatManager should ignore input elements","status":"passed","title":"should ignore input elements","duration":4.86810000000014,"failureMessages":[],"meta":{}},{"ancestorTitles":["CheatManager"],"fullName":"CheatManager should turn off forced crit when super crit is enabled","status":"passed","title":"should turn off forced crit when super crit is enabled","duration":5.307900000000018,"failureMessages":[],"meta":{}},{"ancestorTitles":["CheatManager"],"fullName":"CheatManager should turn off super crit when normal crit is enabled","status":"passed","title":"should turn off super crit when normal crit is enabled","duration":3.350500000000011,"failureMessages":[],"meta":{}}],"startTime":1773262596746,"endTime":1773262596853.3506,"status":"passed","message":"","name":"D:/crypto-cyber-survivors/tests/CheatManager.test.ts"},{"assertionResults":[{"ancestorTitles":["sync_locales script"],"fullName":"sync_locales script contains locale key comparison workflow","status":"passed","title":"contains locale key comparison workflow","duration":2.228099999999813,"failureMessages":[],"meta":{}}],"startTime":1773262654529,"endTime":1773262654531.228,"status":"passed","message":"","name":"D:/crypto-cyber-survivors/tests/check_locales.test.ts"},{"assertionResults":[{"ancestorTitles":["CombatResolutionService","handleEnemyDeath"],"fullName":"CombatResolutionService handleEnemyDeath should trigger death state and animations","status":"passed","title":"should trigger death state and animations","duration":5.66840000000002,"failureMessages":[],"meta":{}},{"ancestorTitles":["CombatResolutionService","handleEnemyDeath"],"fullName":"CombatResolutionService handleEnemyDeath should spawn death particles based on crit status","status":"passed","title":"should spawn death particles based on crit status","duration":0.6435999999998785,"failureMessages":[],"meta":{}},{"ancestorTitles":["CombatResolutionService","handleEnemyDeath"],"fullName":"CombatResolutionService handleEnemyDeath should keep death particle count stable across leverage levels","status":"passed","title":"should keep death particle count stable across leverage levels","duration":0.5153999999999996,"failureMessages":[],"meta":{}},{"ancestorTitles":["CombatResolutionService","processLifesteal"],"fullName":"CombatResolutionService processLifesteal should heal player on successful roll","status":"passed","title":"should heal player on successful roll","duration":2.7654999999999745,"failureMessages":[],"meta":{}},{"ancestorTitles":["CombatResolutionService","processLifesteal"],"fullName":"CombatResolutionService processLifesteal should not exceed max HP","status":"passed","title":"should not exceed max HP","duration":0.7255000000000109,"failureMessages":[],"meta":{}},{"ancestorTitles":["CombatResolutionService","processLifesteal"],"fullName":"CombatResolutionService processLifesteal should heal more on whale kill","status":"passed","title":"should heal more on whale kill","duration":0.8529000000000906,"failureMessages":[],"meta":{}},{"ancestorTitles":["CombatResolutionService","processLifesteal"],"fullName":"CombatResolutionService processLifesteal should use BuffManager stats if available","status":"passed","title":"should use BuffManager stats if available","duration":0.7111999999999625,"failureMessages":[],"meta":{}},{"ancestorTitles":["CombatResolutionService","spawnGemForEnemy"],"fullName":"CombatResolutionService spawnGemForEnemy should spawn a gem at enemy location","status":"passed","title":"should spawn a gem at enemy location","duration":0.6611000000000331,"failureMessages":[],"meta":{}},{"ancestorTitles":["CombatResolutionService","spawnGemForEnemy"],"fullName":"CombatResolutionService spawnGemForEnemy should spawn rare gems when lucky","status":"passed","title":"should spawn rare gems when lucky","duration":0.44529999999986103,"failureMessages":[],"meta":{}},{"ancestorTitles":["CombatResolutionService","spawnGemForEnemy"],"fullName":"CombatResolutionService spawnGemForEnemy should spawn bonus gems when lucky","status":"passed","title":"should spawn bonus gems when lucky","duration":0.8151000000000295,"failureMessages":[],"meta":{}},{"ancestorTitles":["CombatResolutionService","spawnGemForEnemy"],"fullName":"CombatResolutionService spawnGemForEnemy should respect luck cap","status":"passed","title":"should respect luck cap","duration":1.2075999999999567,"failureMessages":[],"meta":{}},{"ancestorTitles":["CombatResolutionService","spawnGemForEnemy"],"fullName":"CombatResolutionService spawnGemForEnemy should apply leverage multiplier to gem value","status":"passed","title":"should apply leverage multiplier to gem value","duration":0.3589999999999236,"failureMessages":[],"meta":{}},{"ancestorTitles":["CombatResolutionService","triggerShockwave"],"fullName":"CombatResolutionService triggerShockwave should push active enemies based on intensity","status":"passed","title":"should push active enemies based on intensity","duration":0.9800999999999931,"failureMessages":[],"meta":{}}],"startTime":1773262606351,"endTime":1773262606367.98,"status":"passed","message":"","name":"D:/crypto-cyber-survivors/tests/CombatResolutionService.test.ts"},{"assertionResults":[{"ancestorTitles":["CombatSystem","processAutoFire"],"fullName":"CombatSystem processAutoFire should not fire when no enemies exist","status":"passed","title":"should not fire when no enemies exist","duration":4.783100000000104,"failureMessages":[],"meta":{}},{"ancestorTitles":["CombatSystem","processAutoFire"],"fullName":"CombatSystem processAutoFire should not fire when fire rate cooldown is active","status":"passed","title":"should not fire when fire rate cooldown is active","duration":0.7216999999998279,"failureMessages":[],"meta":{}},{"ancestorTitles":["CombatSystem","processAutoFire"],"fullName":"CombatSystem processAutoFire should fire when cooldown has passed and enemy exists","status":"passed","title":"should fire when cooldown has passed and enemy exists","duration":1.4605999999998858,"failureMessages":[],"meta":{}},{"ancestorTitles":["CombatSystem","processAutoFire"],"fullName":"CombatSystem processAutoFire should use decorated fire rate if BuffManager is initialized","status":"passed","title":"should use decorated fire rate if BuffManager is initialized","duration":0.6600000000000819,"failureMessages":[],"meta":{}},{"ancestorTitles":["CombatSystem","processAutoFire"],"fullName":"CombatSystem processAutoFire should preserve fireTimer overflow when firing","status":"passed","title":"should preserve fireTimer overflow when firing","duration":0.41899999999986903,"failureMessages":[],"meta":{}},{"ancestorTitles":["CombatSystem","processAutoFire"],"fullName":"CombatSystem processAutoFire should fire multiple projectiles when player has projectiles > 1","status":"passed","title":"should fire multiple projectiles when player has projectiles > 1","duration":0.5631000000000768,"failureMessages":[],"meta":{}},{"ancestorTitles":["CombatSystem","targeting"],"fullName":"CombatSystem targeting should target the nearest enemy","status":"passed","title":"should target the nearest enemy","duration":0.6611999999997806,"failureMessages":[],"meta":{}},{"ancestorTitles":["CombatSystem","targeting"],"fullName":"CombatSystem targeting should not target off-screen enemies when screen dimensions provided","status":"passed","title":"should not target off-screen enemies when screen dimensions provided","duration":0.40409999999997126,"failureMessages":[],"meta":{}},{"ancestorTitles":["CombatSystem","targeting"],"fullName":"CombatSystem targeting should target on-screen enemy when screen dimensions provided","status":"passed","title":"should target on-screen enemy when screen dimensions provided","duration":0.4374000000000251,"failureMessages":[],"meta":{}},{"ancestorTitles":["CombatSystem","targeting"],"fullName":"CombatSystem targeting should skip off-screen enemies and target on-screen one","status":"passed","title":"should skip off-screen enemies and target on-screen one","duration":0.4596000000001368,"failureMessages":[],"meta":{}},{"ancestorTitles":["CombatSystem","damage calculation"],"fullName":"CombatSystem damage calculation should use decorated damage for normal shots","status":"passed","title":"should use decorated damage for normal shots","duration":0.41859999999996944,"failureMessages":[],"meta":{}},{"ancestorTitles":["CombatSystem","damage calculation"],"fullName":"CombatSystem damage calculation should apply decorated area to bullet radius","status":"passed","title":"should apply decorated area to bullet radius","duration":0.5173000000002048,"failureMessages":[],"meta":{}},{"ancestorTitles":["CombatSystem","bullet spawning"],"fullName":"CombatSystem bullet spawning should spawn bullet at player position","status":"passed","title":"should spawn bullet at player position","duration":0.4960999999998421,"failureMessages":[],"meta":{}},{"ancestorTitles":["CombatSystem","bullet spawning"],"fullName":"CombatSystem bullet spawning should spread projectiles when firing multiple","status":"passed","title":"should spread projectiles when firing multiple","duration":1.376700000000028,"failureMessages":[],"meta":{}},{"ancestorTitles":["CombatSystem","crit behavior"],"fullName":"CombatSystem crit behavior should pass crit flags to bullet","status":"passed","title":"should pass crit flags to bullet","duration":0.5394999999998618,"failureMessages":[],"meta":{}}],"startTime":1773262608901,"endTime":1773262608916.5396,"status":"passed","message":"","name":"D:/crypto-cyber-survivors/tests/CombatSystem.test.ts"},{"assertionResults":[{"ancestorTitles":["ComboSystem"],"fullName":"ComboSystem should increment kill streak on enemyKilled event","status":"passed","title":"should increment kill streak on enemyKilled event","duration":3.1272999999998774,"failureMessages":[],"meta":{}},{"ancestorTitles":["ComboSystem"],"fullName":"ComboSystem should calculate multiplier based on milestones","status":"passed","title":"should calculate multiplier based on milestones","duration":0.8615999999999531,"failureMessages":[],"meta":{}},{"ancestorTitles":["ComboSystem"],"fullName":"ComboSystem should reset combo after timeout","status":"passed","title":"should reset combo after timeout","duration":0.6890000000000782,"failureMessages":[],"meta":{}},{"ancestorTitles":["ComboSystem"],"fullName":"ComboSystem should return correct time remaining","status":"passed","title":"should return correct time remaining","duration":0.6603000000000065,"failureMessages":[],"meta":{}},{"ancestorTitles":["ComboSystem"],"fullName":"ComboSystem should track max streak","status":"passed","title":"should track max streak","duration":0.5451000000000477,"failureMessages":[],"meta":{}}],"startTime":1773262622103,"endTime":1773262622109.5452,"status":"passed","message":"","name":"D:/crypto-cyber-survivors/tests/ComboSystem.test.ts"},{"assertionResults":[{"ancestorTitles":["DebugService"],"fullName":"DebugService should be a singleton","status":"passed","title":"should be a singleton","duration":1.6397000000001754,"failureMessages":[],"meta":{}},{"ancestorTitles":["DebugService"],"fullName":"DebugService should capture a snapshot","status":"passed","title":"should capture a snapshot","duration":0.9555000000000291,"failureMessages":[],"meta":{}},{"ancestorTitles":["DebugService"],"fullName":"DebugService should log messages","status":"passed","title":"should log messages","duration":0.9072999999998501,"failureMessages":[],"meta":{}},{"ancestorTitles":["DebugService"],"fullName":"DebugService should manage log size","status":"passed","title":"should manage log size","duration":6.154099999999971,"failureMessages":[],"meta":{}},{"ancestorTitles":["DebugService"],"fullName":"DebugService should expose global access on window","status":"passed","title":"should expose global access on window","duration":0.3005000000000564,"failureMessages":[],"meta":{}},{"ancestorTitles":["DebugService"],"fullName":"DebugService should handle exportSnapshot","status":"passed","title":"should handle exportSnapshot","duration":2.7702999999999065,"failureMessages":[],"meta":{}}],"startTime":1773262608251,"endTime":1773262608263.7703,"status":"passed","message":"","name":"D:/crypto-cyber-survivors/tests/DebugService.test.ts"},{"assertionResults":[{"ancestorTitles":["DifficultyManager"],"fullName":"DifficultyManager should be a singleton","status":"passed","title":"should be a singleton","duration":2.074700000000121,"failureMessages":[],"meta":{}},{"ancestorTitles":["DifficultyManager"],"fullName":"DifficultyManager should calculate initial difficulty","status":"passed","title":"should calculate initial difficulty","duration":2.1929000000000087,"failureMessages":[],"meta":{}},{"ancestorTitles":["DifficultyManager"],"fullName":"DifficultyManager should increase difficulty with P&L","status":"passed","title":"should increase difficulty with P&L","duration":1.1132000000000062,"failureMessages":[],"meta":{}},{"ancestorTitles":["DifficultyManager"],"fullName":"DifficultyManager should decrease difficulty when winning","status":"passed","title":"should decrease difficulty when winning","duration":0.8877999999999702,"failureMessages":[],"meta":{}},{"ancestorTitles":["DifficultyManager"],"fullName":"DifficultyManager should increase difficulty with volatility","status":"passed","title":"should increase difficulty with volatility","duration":0.748600000000124,"failureMessages":[],"meta":{}},{"ancestorTitles":["DifficultyManager"],"fullName":"DifficultyManager should increase difficulty with level","status":"passed","title":"should increase difficulty with level","duration":0.5846999999998843,"failureMessages":[],"meta":{}},{"ancestorTitles":["DifficultyManager"],"fullName":"DifficultyManager should give mercy when near death","status":"passed","title":"should give mercy when near death","duration":0.7885000000001128,"failureMessages":[],"meta":{}},{"ancestorTitles":["DifficultyManager","Kill Streak Logic"],"fullName":"DifficultyManager Kill Streak Logic should track kill streaks","status":"passed","title":"should track kill streaks","duration":0.6955000000000382,"failureMessages":[],"meta":{}},{"ancestorTitles":["DifficultyManager","Kill Streak Logic"],"fullName":"DifficultyManager Kill Streak Logic should reset streak if too slow","status":"passed","title":"should reset streak if too slow","duration":0.47090000000002874,"failureMessages":[],"meta":{}},{"ancestorTitles":["DifficultyManager","Momentum Logic"],"fullName":"DifficultyManager Momentum Logic should increase difficulty when player performance is improving","status":"passed","title":"should increase difficulty when player performance is improving","duration":1.6852000000001226,"failureMessages":[],"meta":{}},{"ancestorTitles":["DifficultyManager","Momentum Logic"],"fullName":"DifficultyManager Momentum Logic should decrease difficulty when player performance is worsening (mercy)","status":"passed","title":"should decrease difficulty when player performance is worsening (mercy)","duration":1.222400000000107,"failureMessages":[],"meta":{}},{"ancestorTitles":["DifficultyManager","Extreme Factors"],"fullName":"DifficultyManager Extreme Factors should clamp total difficulty to maxDifficulty","status":"passed","title":"should clamp total difficulty to maxDifficulty","duration":0.41889999999989413,"failureMessages":[],"meta":{}},{"ancestorTitles":["DifficultyManager","Extreme Factors"],"fullName":"DifficultyManager Extreme Factors should respect minimum difficulty","status":"passed","title":"should respect minimum difficulty","duration":0.36740000000008877,"failureMessages":[],"meta":{}},{"ancestorTitles":["DifficultyManager","Cycle Scaling"],"fullName":"DifficultyManager Cycle Scaling should increase difficulty in subsequent cycles","status":"passed","title":"should increase difficulty in subsequent cycles","duration":0.4740999999999076,"failureMessages":[],"meta":{}}],"startTime":1773262606838,"endTime":1773262606852.474,"status":"passed","message":"","name":"D:/crypto-cyber-survivors/tests/DifficultyManager.test.ts"},{"assertionResults":[{"ancestorTitles":["DifficultyManager Momentum Logic"],"fullName":"DifficultyManager Momentum Logic should apply 1.1x multiplier when P&L is improving","status":"passed","title":"should apply 1.1x multiplier when P&L is improving","duration":5.452900000000227,"failureMessages":[],"meta":{}},{"ancestorTitles":["DifficultyManager Momentum Logic"],"fullName":"DifficultyManager Momentum Logic should apply 0.9x multiplier when P&L is worsening","status":"passed","title":"should apply 0.9x multiplier when P&L is worsening","duration":1.5387000000000626,"failureMessages":[],"meta":{}}],"startTime":1773262620404,"endTime":1773262620411.5388,"status":"passed","message":"","name":"D:/crypto-cyber-survivors/tests/DifficultyMomentum.test.ts"},{"assertionResults":[{"ancestorTitles":["Difficulty Mathematical Model Simulation"],"fullName":"Difficulty Mathematical Model Simulation should run all scenarios and output difficulty factors","status":"passed","title":"should run all scenarios and output difficulty factors","duration":4.602300000000014,"failureMessages":[],"meta":{}}],"startTime":1773262624719,"endTime":1773262624723.6023,"status":"passed","message":"","name":"D:/crypto-cyber-survivors/tests/DifficultySimulation.test.ts"},{"assertionResults":[{"ancestorTitles":["EventBus","subscribe()"],"fullName":"EventBus subscribe() should register a callback for an event","status":"passed","title":"should register a callback for an event","duration":3.794399999999996,"failureMessages":[],"meta":{}},{"ancestorTitles":["EventBus","subscribe()"],"fullName":"EventBus subscribe() should allow multiple subscribers to same event","status":"passed","title":"should allow multiple subscribers to same event","duration":0.8438999999998487,"failureMessages":[],"meta":{}},{"ancestorTitles":["EventBus","subscribe()"],"fullName":"EventBus subscribe() should return an unsubscribe function","status":"passed","title":"should return an unsubscribe function","duration":0.5599999999999454,"failureMessages":[],"meta":{}},{"ancestorTitles":["EventBus","subscribe()"],"fullName":"EventBus subscribe() should unsubscribe when returned function is called","status":"passed","title":"should unsubscribe when returned function is called","duration":0.7190000000000509,"failureMessages":[],"meta":{}},{"ancestorTitles":["EventBus","subscribe()"],"fullName":"EventBus subscribe() should allow same callback to subscribe to different events","status":"passed","title":"should allow same callback to subscribe to different events","duration":0.6377999999999702,"failureMessages":[],"meta":{}},{"ancestorTitles":["EventBus","on()"],"fullName":"EventBus on() should work as alias for subscribe","status":"passed","title":"should work as alias for subscribe","duration":0.4557999999999538,"failureMessages":[],"meta":{}},{"ancestorTitles":["EventBus","on()"],"fullName":"EventBus on() should return unsubscribe function like subscribe","status":"passed","title":"should return unsubscribe function like subscribe","duration":0.41440000000011423,"failureMessages":[],"meta":{}},{"ancestorTitles":["EventBus","emit()","basic emission"],"fullName":"EventBus emit() basic emission should call subscriber callback when event is emitted","status":"passed","title":"should call subscriber callback when event is emitted","duration":2.5349999999998545,"failureMessages":[],"meta":{}},{"ancestorTitles":["EventBus","emit()","basic emission"],"fullName":"EventBus emit() basic emission should call all subscribers for an event","status":"passed","title":"should call all subscribers for an event","duration":0.8526000000001659,"failureMessages":[],"meta":{}},{"ancestorTitles":["EventBus","emit()","basic emission"],"fullName":"EventBus emit() basic emission should pass correct event data to callback","status":"passed","title":"should pass correct event data to callback","duration":0.6524000000001706,"failureMessages":[],"meta":{}},{"ancestorTitles":["EventBus","emit()","basic emission"],"fullName":"EventBus emit() basic emission should not call subscribers of different events","status":"passed","title":"should not call subscribers of different events","duration":0.7477999999998701,"failureMessages":[],"meta":{}},{"ancestorTitles":["EventBus","emit()","with no subscribers"],"fullName":"EventBus emit() with no subscribers should not throw when emitting event with no subscribers","status":"passed","title":"should not throw when emitting event with no subscribers","duration":1.3313000000000557,"failureMessages":[],"meta":{}},{"ancestorTitles":["EventBus","emit()","with no subscribers"],"fullName":"EventBus emit() with no subscribers should not throw for unregistered event types","status":"passed","title":"should not throw for unregistered event types","duration":0.5482999999999265,"failureMessages":[],"meta":{}},{"ancestorTitles":["EventBus","emit()","type-safe payloads"],"fullName":"EventBus emit() type-safe payloads should emit critHit with correct payload","status":"passed","title":"should emit critHit with correct payload","duration":2.2653000000000247,"failureMessages":[],"meta":{}},{"ancestorTitles":["EventBus","emit()","type-safe payloads"],"fullName":"EventBus emit() type-safe payloads should emit playerHit with correct payload","status":"passed","title":"should emit playerHit with correct payload","duration":0.6134999999999309,"failureMessages":[],"meta":{}},{"ancestorTitles":["EventBus","emit()","type-safe payloads"],"fullName":"EventBus emit() type-safe payloads should emit comboUpdate with correct payload","status":"passed","title":"should emit comboUpdate with correct payload","duration":0.5056999999999334,"failureMessages":[],"meta":{}},{"ancestorTitles":["EventBus","emit()","type-safe payloads"],"fullName":"EventBus emit() type-safe payloads should emit gameOver with correct payload","status":"passed","title":"should emit gameOver with correct payload","duration":0.5096999999998388,"failureMessages":[],"meta":{}},{"ancestorTitles":["EventBus","emit()","error handling"],"fullName":"EventBus emit() error handling should catch errors in callbacks and continue","status":"passed","title":"should catch errors in callbacks and continue","duration":1.088899999999967,"failureMessages":[],"meta":{}},{"ancestorTitles":["EventBus","emit()","error handling"],"fullName":"EventBus emit() error handling should log error with event name","status":"passed","title":"should log error with event name","duration":0.9979999999998199,"failureMessages":[],"meta":{}},{"ancestorTitles":["EventBus","emitThrottled()"],"fullName":"EventBus emitThrottled() should emit once within throttle window","status":"passed","title":"should emit once within throttle window","duration":2.5768000000000484,"failureMessages":[],"meta":{}},{"ancestorTitles":["EventBus","emitThrottled()"],"fullName":"EventBus emitThrottled() should emit again after throttle window passes","status":"passed","title":"should emit again after throttle window passes","duration":0.7764000000001943,"failureMessages":[],"meta":{}},{"ancestorTitles":["EventBus","unsubscribe()"],"fullName":"EventBus unsubscribe() should remove specific callback from event","status":"passed","title":"should remove specific callback from event","duration":0.5452999999999975,"failureMessages":[],"meta":{}},{"ancestorTitles":["EventBus","unsubscribe()"],"fullName":"EventBus unsubscribe() should not throw when unsubscribing non-existent callback","status":"passed","title":"should not throw when unsubscribing non-existent callback","duration":0.4674999999999727,"failureMessages":[],"meta":{}},{"ancestorTitles":["EventBus","unsubscribe()"],"fullName":"EventBus unsubscribe() should not throw when unsubscribing from non-existent event","status":"passed","title":"should not throw when unsubscribing from non-existent event","duration":0.47060000000010405,"failureMessages":[],"meta":{}},{"ancestorTitles":["EventBus","unsubscribe()"],"fullName":"EventBus unsubscribe() should only remove the specific callback reference","status":"passed","title":"should only remove the specific callback reference","duration":0.4718000000000302,"failureMessages":[],"meta":{}},{"ancestorTitles":["EventBus","unsubscribe()"],"fullName":"EventBus unsubscribe() should unsubscribe same callback across different scopes","status":"passed","title":"should unsubscribe same callback across different scopes","duration":0.4660999999998694,"failureMessages":[],"meta":{}},{"ancestorTitles":["EventBus","once()"],"fullName":"EventBus once() should call callback only once","status":"passed","title":"should call callback only once","duration":0.4682000000000244,"failureMessages":[],"meta":{}},{"ancestorTitles":["EventBus","once()"],"fullName":"EventBus once() should automatically unsubscribe after first emit","status":"passed","title":"should automatically unsubscribe after first emit","duration":0.4158999999999651,"failureMessages":[],"meta":{}},{"ancestorTitles":["EventBus","once()"],"fullName":"EventBus once() should pass correct data to callback","status":"passed","title":"should pass correct data to callback","duration":0.4794000000001688,"failureMessages":[],"meta":{}},{"ancestorTitles":["EventBus","once()"],"fullName":"EventBus once() should return unsubscribe function","status":"passed","title":"should return unsubscribe function","duration":0.4156000000000404,"failureMessages":[],"meta":{}},{"ancestorTitles":["EventBus","once()"],"fullName":"EventBus once() should allow manual unsubscribe before emit","status":"passed","title":"should allow manual unsubscribe before emit","duration":0.365099999999984,"failureMessages":[],"meta":{}},{"ancestorTitles":["EventBus","listenerCount()"],"fullName":"EventBus listenerCount() should return 0 for event with no listeners","status":"passed","title":"should return 0 for event with no listeners","duration":0.3931999999999789,"failureMessages":[],"meta":{}},{"ancestorTitles":["EventBus","listenerCount()"],"fullName":"EventBus listenerCount() should return correct count after adding listeners","status":"passed","title":"should return correct count after adding listeners","duration":0.32740000000012515,"failureMessages":[],"meta":{}},{"ancestorTitles":["EventBus","listenerCount()"],"fullName":"EventBus listenerCount() should return correct count after removing listeners","status":"passed","title":"should return correct count after removing listeners","duration":0.3429999999998472,"failureMessages":[],"meta":{}},{"ancestorTitles":["EventBus","listenerCount()"],"fullName":"EventBus listenerCount() should return 0 after clearing event","status":"passed","title":"should return 0 after clearing event","duration":0.3874000000000706,"failureMessages":[],"meta":{}},{"ancestorTitles":["EventBus","listenerCount()"],"fullName":"EventBus listenerCount() should track different events independently","status":"passed","title":"should track different events independently","duration":0.4067000000000007,"failureMessages":[],"meta":{}},{"ancestorTitles":["EventBus","clear()"],"fullName":"EventBus clear() should remove all listeners from all events","status":"passed","title":"should remove all listeners from all events","duration":0.47260000000005675,"failureMessages":[],"meta":{}},{"ancestorTitles":["EventBus","clear()"],"fullName":"EventBus clear() should not throw when clearing empty bus","status":"passed","title":"should not throw when clearing empty bus","duration":0.4338999999999942,"failureMessages":[],"meta":{}},{"ancestorTitles":["EventBus","clear()"],"fullName":"EventBus clear() should allow new subscriptions after clear","status":"passed","title":"should allow new subscriptions after clear","duration":0.35629999999991924,"failureMessages":[],"meta":{}},{"ancestorTitles":["EventBus","clearScope()"],"fullName":"EventBus clearScope() should remove listeners only from the target scope","status":"passed","title":"should remove listeners only from the target scope","duration":0.7222999999999047,"failureMessages":[],"meta":{}},{"ancestorTitles":["EventBus","clearScope()"],"fullName":"EventBus clearScope() should not throw when clearing an already empty scope","status":"passed","title":"should not throw when clearing an already empty scope","duration":0.6829000000000178,"failureMessages":[],"meta":{}},{"ancestorTitles":["EventBus","clearEvent()"],"fullName":"EventBus clearEvent() should remove all listeners for specific event","status":"passed","title":"should remove all listeners for specific event","duration":0.49749999999994543,"failureMessages":[],"meta":{}},{"ancestorTitles":["EventBus","clearEvent()"],"fullName":"EventBus clearEvent() should not affect other events","status":"passed","title":"should not affect other events","duration":0.4653000000000702,"failureMessages":[],"meta":{}},{"ancestorTitles":["EventBus","clearEvent()"],"fullName":"EventBus clearEvent() should not throw when clearing non-existent event","status":"passed","title":"should not throw when clearing non-existent event","duration":0.4694999999999254,"failureMessages":[],"meta":{}},{"ancestorTitles":["EventBus","singleton pattern"],"fullName":"EventBus singleton pattern should return the same instance","status":"passed","title":"should return the same instance","duration":0.3283999999998741,"failureMessages":[],"meta":{}},{"ancestorTitles":["EventBus","singleton pattern"],"fullName":"EventBus singleton pattern should share state across references","status":"passed","title":"should share state across references","duration":0.5165000000001783,"failureMessages":[],"meta":{}},{"ancestorTitles":["EventBus","edge cases"],"fullName":"EventBus edge cases should handle rapid subscribe/unsubscribe cycles","status":"passed","title":"should handle rapid subscribe/unsubscribe cycles","duration":1.6158000000000357,"failureMessages":[],"meta":{}},{"ancestorTitles":["EventBus","edge cases"],"fullName":"EventBus edge cases should handle unsubscribing during emit","status":"passed","title":"should handle unsubscribing during emit","duration":0.5477000000000771,"failureMessages":[],"meta":{}},{"ancestorTitles":["EventBus","edge cases"],"fullName":"EventBus edge cases should handle empty event payloads","status":"passed","title":"should handle empty event payloads","duration":0.518100000000004,"failureMessages":[],"meta":{}},{"ancestorTitles":["EventBus","edge cases"],"fullName":"EventBus edge cases should handle multiple once subscriptions","status":"passed","title":"should handle multiple once subscriptions","duration":0.5166999999999007,"failureMessages":[],"meta":{}},{"ancestorTitles":["EventBus","edge cases"],"fullName":"EventBus edge cases should maintain subscription order (Set behavior)","status":"passed","title":"should maintain subscription order (Set behavior)","duration":0.5644000000002052,"failureMessages":[],"meta":{}},{"ancestorTitles":["EventBus","tracing API"],"fullName":"EventBus tracing API should enable and disable tracing","status":"passed","title":"should enable and disable tracing","duration":0.5875999999998385,"failureMessages":[],"meta":{}},{"ancestorTitles":["EventBus","tracing API"],"fullName":"EventBus tracing API should log events when tracing is enabled","status":"passed","title":"should log events when tracing is enabled","duration":1.815499999999929,"failureMessages":[],"meta":{}},{"ancestorTitles":["EventBus","tracing API"],"fullName":"EventBus tracing API should not log events when tracing is disabled","status":"passed","title":"should not log events when tracing is disabled","duration":0.8859999999999673,"failureMessages":[],"meta":{}},{"ancestorTitles":["EventBus","tracing API"],"fullName":"EventBus tracing API should limit trace log size","status":"passed","title":"should limit trace log size","duration":4.623500000000149,"failureMessages":[],"meta":{}},{"ancestorTitles":["EventBus","tracing API"],"fullName":"EventBus tracing API should clear trace log","status":"passed","title":"should clear trace log","duration":1.7088000000001102,"failureMessages":[],"meta":{}},{"ancestorTitles":["EventBus","tracing API"],"fullName":"EventBus tracing API should provide debug state","status":"passed","title":"should provide debug state","duration":1.1562999999998738,"failureMessages":[],"meta":{}}],"startTime":1773262598538,"endTime":1773262598589.1562,"status":"passed","message":"","name":"D:/crypto-cyber-survivors/tests/EventBus.test.ts"},{"assertionResults":[{"ancestorTitles":["FPSMonitor"],"fullName":"FPSMonitor should not record frames when not monitoring","status":"passed","title":"should not record frames when not monitoring","duration":6.279199999999946,"failureMessages":[],"meta":{}},{"ancestorTitles":["FPSMonitor"],"fullName":"FPSMonitor should start monitoring and record frames","status":"passed","title":"should start monitoring and record frames","duration":2.2159999999998945,"failureMessages":[],"meta":{}},{"ancestorTitles":["FPSMonitor"],"fullName":"FPSMonitor should downgrade profile if FPS is consistently low","status":"passed","title":"should downgrade profile if FPS is consistently low","duration":2.857300000000123,"failureMessages":[],"meta":{}},{"ancestorTitles":["FPSMonitor"],"fullName":"FPSMonitor should respect target FPS when determining thresholds","status":"passed","title":"should respect target FPS when determining thresholds","duration":1.7726999999999862,"failureMessages":[],"meta":{}},{"ancestorTitles":["FPSMonitor"],"fullName":"FPSMonitor should reset state on gameReset event","status":"passed","title":"should reset state on gameReset event","duration":1.133600000000115,"failureMessages":[],"meta":{}},{"ancestorTitles":["FPSMonitor"],"fullName":"FPSMonitor should not downgrade further if already at LOW","status":"passed","title":"should not downgrade further if already at LOW","duration":1.1838000000000193,"failureMessages":[],"meta":{}}],"startTime":1773262606499,"endTime":1773262606514.1838,"status":"passed","message":"","name":"D:/crypto-cyber-survivors/tests/FPSMonitor.test.ts"},{"assertionResults":[{"ancestorTitles":["GameHUD"],"fullName":"GameHUD should not render when in MENU status","status":"passed","title":"should not render when in MENU status","duration":169.83770000000004,"failureMessages":[],"meta":{}},{"ancestorTitles":["GameHUD"],"fullName":"GameHUD should render and contain essential HUD elements","status":"passed","title":"should render and contain essential HUD elements","duration":64.38459999999986,"failureMessages":[],"meta":{}},{"ancestorTitles":["GameHUD"],"fullName":"GameHUD should show milestone text when comboMilestone event is emitted","status":"passed","title":"should show milestone text when comboMilestone event is emitted","duration":143.6586000000002,"failureMessages":[],"meta":{}},{"ancestorTitles":["GameHUD"],"fullName":"GameHUD should show Near-Death Glow when HP is low","status":"passed","title":"should show Near-Death Glow when HP is low","duration":24.32529999999997,"failureMessages":[],"meta":{}},{"ancestorTitles":["GameHUD"],"fullName":"GameHUD should show CLUTCH! when recovering from low health","status":"passed","title":"should show CLUTCH! when recovering from low health","duration":41.08490000000029,"failureMessages":[],"meta":{}},{"ancestorTitles":["GameHUD"],"fullName":"GameHUD should display basic HUD overlay elements","status":"passed","title":"should display basic HUD overlay elements","duration":23.930499999999938,"failureMessages":[],"meta":{}},{"ancestorTitles":["GameHUD"],"fullName":"GameHUD should render off-screen enemy pointers container","status":"passed","title":"should render off-screen enemy pointers container","duration":39.36270000000013,"failureMessages":[],"meta":{}}],"startTime":1773262590501,"endTime":1773262591008.3628,"status":"passed","message":"","name":"D:/crypto-cyber-survivors/tests/GameHUD.test.tsx"},{"assertionResults":[{"ancestorTitles":["Hit Stop Feature","hitStopTimer in GameState"],"fullName":"Hit Stop Feature hitStopTimer in GameState should have hitStopTimer property defaulting to 0","status":"passed","title":"should have hitStopTimer property defaulting to 0","duration":1.434099999999944,"failureMessages":[],"meta":{}},{"ancestorTitles":["Hit Stop Feature","hitStopTimer in GameState"],"fullName":"Hit Stop Feature hitStopTimer in GameState should set hitStopTimer on hit event","status":"passed","title":"should set hitStopTimer on hit event","duration":0.3136000000001786,"failureMessages":[],"meta":{}},{"ancestorTitles":["Hit Stop Feature","hitStopTimer in GameState"],"fullName":"Hit Stop Feature hitStopTimer in GameState should decrement hitStopTimer over time","status":"passed","title":"should decrement hitStopTimer over time","duration":0.2398000000000593,"failureMessages":[],"meta":{}},{"ancestorTitles":["Hit Stop Feature","hitStopTimer in GameState"],"fullName":"Hit Stop Feature hitStopTimer in GameState should skip physics updates when hitStopTimer > 0","status":"passed","title":"should skip physics updates when hitStopTimer > 0","duration":0.2644999999999982,"failureMessages":[],"meta":{}},{"ancestorTitles":["Enemy Death Pop Feature","Death animation properties"],"fullName":"Enemy Death Pop Feature Death animation properties should have isDying and deathProgress properties","status":"passed","title":"should have isDying and deathProgress properties","duration":0.4557999999999538,"failureMessages":[],"meta":{}},{"ancestorTitles":["Enemy Death Pop Feature","Death animation properties"],"fullName":"Enemy Death Pop Feature Death animation properties should set isDying to true when health <= 0","status":"passed","title":"should set isDying to true when health <= 0","duration":0.22620000000006257,"failureMessages":[],"meta":{}},{"ancestorTitles":["Enemy Death Pop Feature","Death animation properties"],"fullName":"Enemy Death Pop Feature Death animation properties should increment deathProgress over time","status":"passed","title":"should increment deathProgress over time","duration":0.21749999999997272,"failureMessages":[],"meta":{}},{"ancestorTitles":["Enemy Death Pop Feature","Death animation properties"],"fullName":"Enemy Death Pop Feature Death animation properties should deactivate enemy when deathProgress >= 1","status":"passed","title":"should deactivate enemy when deathProgress >= 1","duration":0.27650000000016917,"failureMessages":[],"meta":{}},{"ancestorTitles":["Enemy Death Pop Feature","Death animation properties"],"fullName":"Enemy Death Pop Feature Death animation properties should calculate scale correctly during death pop","status":"passed","title":"should calculate scale correctly during death pop","duration":0.21239999999988868,"failureMessages":[],"meta":{}},{"ancestorTitles":["Enemy Death Pop Feature","Death animation properties"],"fullName":"Enemy Death Pop Feature Death animation properties should calculate alpha correctly during death pop","status":"passed","title":"should calculate alpha correctly during death pop","duration":0.31349999999997635,"failureMessages":[],"meta":{}},{"ancestorTitles":["Squash & Stretch Feature","Player scale properties"],"fullName":"Squash & Stretch Feature Player scale properties should have playerScaleX and playerScaleY defaulting to 1","status":"passed","title":"should have playerScaleX and playerScaleY defaulting to 1","duration":0.21230000000014115,"failureMessages":[],"meta":{}},{"ancestorTitles":["Squash & Stretch Feature","Player scale properties"],"fullName":"Squash & Stretch Feature Player scale properties should stretch horizontally on dash start (scaleX > 1, scaleY < 1)","status":"passed","title":"should stretch horizontally on dash start (scaleX > 1, scaleY < 1)","duration":0.2561000000000604,"failureMessages":[],"meta":{}},{"ancestorTitles":["Squash & Stretch Feature","Player scale properties"],"fullName":"Squash & Stretch Feature Player scale properties should squash on dash end (scaleX < 1, scaleY > 1)","status":"passed","title":"should squash on dash end (scaleX < 1, scaleY > 1)","duration":0.19080000000008113,"failureMessages":[],"meta":{}},{"ancestorTitles":["Squash & Stretch Feature","Player scale properties"],"fullName":"Squash & Stretch Feature Player scale properties should lerp back to normal scale (1, 1)","status":"passed","title":"should lerp back to n
[...]
ries","duration":1.324100000000044,"failureMessages":[],"meta":{}},{"ancestorTitles":["difficulty utils"],"fullName":"difficulty utils calculates liquidation price with leverage safety buffer","status":"passed","title":"calculates liquidation price with leverage safety buffer","duration":0.4338999999999942,"failureMessages":[],"meta":{}},{"ancestorTitles":["difficulty utils"],"fullName":"difficulty utils returns stable default inputs for game start","status":"passed","title":"returns stable default inputs for game start","duration":1.179300000000012,"failureMessages":[],"meta":{}}],"startTime":1773262628817,"endTime":1773262628820.1792,"status":"passed","message":"","name":"D:/crypto-cyber-survivors/tests/freshness/services/difficulty/utils.test.ts"},{"assertionResults":[{"ancestorTitles":["freshness:services/gameplay/AchievementService.ts"],"fullName":"freshness:services/gameplay/AchievementService.ts keeps mapped source file present and not stale","status":"passed","title":"keeps mapped source file present and not stale","duration":2.1536000000000968,"failureMessages":[],"meta":{}}],"startTime":1773262644600,"endTime":1773262644602.1536,"status":"passed","message":"","name":"D:/crypto-cyber-survivors/tests/freshness/services/gameplay/AchievementService.test.ts"},{"assertionResults":[{"ancestorTitles":["freshness:services/gameplay/ShopService.ts"],"fullName":"freshness:services/gameplay/ShopService.ts keeps mapped source file present and not stale","status":"passed","title":"keeps mapped source file present and not stale","duration":2.186899999999696,"failureMessages":[],"meta":{}}],"startTime":1773262648207,"endTime":1773262648209.187,"status":"passed","message":"","name":"D:/crypto-cyber-survivors/tests/freshness/services/gameplay/ShopService.test.ts"},{"assertionResults":[{"ancestorTitles":["freshness:services/gameplay/SupabaseCoinProvider.ts"],"fullName":"freshness:services/gameplay/SupabaseCoinProvider.ts keeps mapped source file present and not stale","status":"failed","title":"keeps mapped source file present and not stale","duration":4.0003999999999,"failureMessages":["AssertionError: expected 1773262266933.7463 to be less than or equal to 1772191919949.1714\n    at assertSourceFreshness (D:/crypto-cyber-survivors/tests/freshness/assertSourceFreshness.ts:40:31)\n    at D:/crypto-cyber-survivors/tests/freshness/services/gameplay/SupabaseCoinProvider.test.ts:6:5\n    at file:///D:/crypto-cyber-survivors/node_modules/@vitest/runner/dist/index.js:145:11\n    at file:///D:/crypto-cyber-survivors/node_modules/@vitest/runner/dist/index.js:915:26\n    at file:///D:/crypto-cyber-survivors/node_modules/@vitest/runner/dist/index.js:1243:20\n    at new Promise (<anonymous>)\n    at runWithTimeout (file:///D:/crypto-cyber-survivors/node_modules/@vitest/runner/dist/index.js:1209:10)\n    at file:///D:/crypto-cyber-survivors/node_modules/@vitest/runner/dist/index.js:1653:37\n    at Traces.$ (file:///D:/crypto-cyber-survivors/node_modules/vitest/dist/chunks/traces.CCmnQaNT.js:142:27)\n    at trace (file:///D:/crypto-cyber-survivors/node_modules/vitest/dist/chunks/test.B8ej_ZHS.js:239:21)"],"meta":{}}],"startTime":1773262583713,"endTime":1773262583717.0005,"status":"failed","message":"","name":"D:/crypto-cyber-survivors/tests/freshness/services/gameplay/SupabaseCoinProvider.test.ts"},{"assertionResults":[{"ancestorTitles":["freshness:services/gameplay/WalletService.ts"],"fullName":"freshness:services/gameplay/WalletService.ts keeps mapped source file present and not stale","status":"passed","title":"keeps mapped source file present and not stale","duration":2.2941000000000713,"failureMessages":[],"meta":{}}],"startTime":1773262638281,"endTime":1773262638283.2942,"status":"passed","message":"","name":"D:/crypto-cyber-survivors/tests/freshness/services/gameplay/WalletService.test.ts"},{"assertionResults":[{"ancestorTitles":["freshness:services/interfaces/IPhysicsSubsystems.ts"],"fullName":"freshness:services/interfaces/IPhysicsSubsystems.ts keeps mapped source file present and not stale","status":"passed","title":"keeps mapped source file present and not stale","duration":2.206499999999778,"failureMessages":[],"meta":{}}],"startTime":1773262634862,"endTime":1773262634864.2065,"status":"passed","message":"","name":"D:/crypto-cyber-survivors/tests/freshness/services/interfaces/IPhysicsSubsystems.test.ts"},{"assertionResults":[{"ancestorTitles":["freshness:services/indicators/ClientIndicatorService.ts"],"fullName":"freshness:services/indicators/ClientIndicatorService.ts keeps mapped source file present and not stale","status":"passed","title":"keeps mapped source file present and not stale","duration":1.9011000000000422,"failureMessages":[],"meta":{}}],"startTime":1773262651182,"endTime":1773262651183.9011,"status":"passed","message":"","name":"D:/crypto-cyber-survivors/tests/freshness/services/indicators/ClientIndicatorService.test.ts"},{"assertionResults":[{"ancestorTitles":["LootboxDropPools"],"fullName":"LootboxDropPools reports pool sizes consistently with exported pools","status":"passed","title":"reports pool sizes consistently with exported pools","duration":1.844000000000051,"failureMessages":[],"meta":{}},{"ancestorTitles":["LootboxDropPools"],"fullName":"LootboxDropPools maps consumables and lootbox-unlockable skins from inventory definitions","status":"passed","title":"maps consumables and lootbox-unlockable skins from inventory definitions","duration":1.7918000000004213,"failureMessages":[],"meta":{}},{"ancestorTitles":["LootboxDropPools"],"fullName":"LootboxDropPools filters eligible drops by max rarity and excludes crypto token marketing drops","status":"passed","title":"filters eligible drops by max rarity and excludes crypto token marketing drops","duration":0.49599999999963984,"failureMessages":[],"meta":{}},{"ancestorTitles":["LootboxDropPools"],"fullName":"LootboxDropPools keeps coin drop ranges valid","status":"passed","title":"keeps coin drop ranges valid","duration":0.6991000000002714,"failureMessages":[],"meta":{}}],"startTime":1773262624750,"endTime":1773262624754.6992,"status":"passed","message":"","name":"D:/crypto-cyber-survivors/tests/freshness/services/lootbox/LootboxDropPools.test.ts"},{"assertionResults":[{"ancestorTitles":["freshness:services/market/MarketStateService.ts"],"fullName":"freshness:services/market/MarketStateService.ts keeps mapped source file present and not stale","status":"passed","title":"keeps mapped source file present and not stale","duration":2.055499999999938,"failureMessages":[],"meta":{}}],"startTime":1773262645838,"endTime":1773262645840.0554,"status":"passed","message":"","name":"D:/crypto-cyber-survivors/tests/freshness/services/market/MarketStateService.test.ts"},{"assertionResults":[{"ancestorTitles":["freshness:services/system/AntiCheatService.ts"],"fullName":"freshness:services/system/AntiCheatService.ts keeps mapped source file present and not stale","status":"failed","title":"keeps mapped source file present and not stale","duration":4.3858000000000175,"failureMessages":["AssertionError: expected 1773262266934.2585 to be less than or equal to 1772191919956.2578\n    at assertSourceFreshness (D:/crypto-cyber-survivors/tests/freshness/assertSourceFreshness.ts:40:31)\n    at D:/crypto-cyber-survivors/tests/freshness/services/system/AntiCheatService.test.ts:6:5\n    at file:///D:/crypto-cyber-survivors/node_modules/@vitest/runner/dist/index.js:145:11\n    at file:///D:/crypto-cyber-survivors/node_modules/@vitest/runner/dist/index.js:915:26\n    at file:///D:/crypto-cyber-survivors/node_modules/@vitest/runner/dist/index.js:1243:20\n    at new Promise (<anonymous>)\n    at runWithTimeout (file:///D:/crypto-cyber-survivors/node_modules/@vitest/runner/dist/index.js:1209:10)\n    at file:///D:/crypto-cyber-survivors/node_modules/@vitest/runner/dist/index.js:1653:37\n    at Traces.$ (file:///D:/crypto-cyber-survivors/node_modules/vitest/dist/chunks/traces.CCmnQaNT.js:142:27)\n    at trace (file:///D:/crypto-cyber-survivors/node_modules/vitest/dist/chunks/test.B8ej_ZHS.js:239:21)"],"meta":{}}],"startTime":1773262583661,"endTime":1773262583665.3857,"status":"failed","message":"","name":"D:/crypto-cyber-survivors/tests/freshness/services/system/AntiCheatService.test.ts"},{"assertionResults":[{"ancestorTitles":["ThemeService"],"fullName":"ThemeService starts from and reports the active theme correctly","status":"passed","title":"starts from and reports the active theme correctly","duration":2.1391000000000986,"failureMessages":[],"meta":{}},{"ancestorTitles":["ThemeService"],"fullName":"ThemeService switches theme and returns matching configuration","status":"passed","title":"switches theme and returns matching configuration","duration":0.5264999999999418,"failureMessages":[],"meta":{}},{"ancestorTitles":["ThemeService"],"fullName":"ThemeService notifies listeners only on actual changes and supports unsubscribe","status":"passed","title":"notifies listeners only on actual changes and supports unsubscribe","duration":2.5883000000001175,"failureMessages":[],"meta":{}}],"startTime":1773262625593,"endTime":1773262625598.5884,"status":"passed","message":"","name":"D:/crypto-cyber-survivors/tests/freshness/services/system/ThemeService.test.ts"},{"assertionResults":[{"ancestorTitles":["StatDecorator (BaseDecorator)"],"fullName":"StatDecorator (BaseDecorator) should delegate all stat calls to the wrapped object by default","status":"passed","title":"should delegate all stat calls to the wrapped object by default","duration":3.5687000000000353,"failureMessages":[],"meta":{}},{"ancestorTitles":["StatDecorator (BaseDecorator)"],"fullName":"StatDecorator (BaseDecorator) should return correct metadata from concrete implementation","status":"passed","title":"should return correct metadata from concrete implementation","duration":0.4030999999999949,"failureMessages":[],"meta":{}}],"startTime":1773262626095,"endTime":1773262626099.403,"status":"passed","message":"","name":"D:/crypto-cyber-survivors/tests/services/patterns/decorators/BaseDecorator.test.ts"},{"assertionResults":[{"ancestorTitles":["freshness:components/screens/LevelUpScreen/CardIcon.tsx"],"fullName":"freshness:components/screens/LevelUpScreen/CardIcon.tsx keeps mapped source file present and not stale","status":"passed","title":"keeps mapped source file present and not stale","duration":2.1671000000001186,"failureMessages":[],"meta":{}}],"startTime":1773262642516,"endTime":1773262642518.167,"status":"passed","message":"","name":"D:/crypto-cyber-survivors/tests/freshness/components/screens/LevelUpScreen/CardIcon.test.ts"},{"assertionResults":[{"ancestorTitles":["freshness:components/screens/LevelUpScreen/LevelUpErrorBoundary.tsx"],"fullName":"freshness:components/screens/LevelUpScreen/LevelUpErrorBoundary.tsx keeps mapped source file present and not stale","status":"passed","title":"keeps mapped source file present and not stale","duration":1.9775999999997111,"failureMessages":[],"meta":{}}],"startTime":1773262638597,"endTime":1773262638598.9775,"status":"passed","message":"","name":"D:/crypto-cyber-survivors/tests/freshness/components/screens/LevelUpScreen/LevelUpErrorBoundary.test.ts"},{"assertionResults":[{"ancestorTitles":["freshness:components/screens/LevelUpScreen/SlotReel.tsx"],"fullName":"freshness:components/screens/LevelUpScreen/SlotReel.tsx keeps mapped source file present and not stale","status":"passed","title":"keeps mapped source file present and not stale","duration":2.225599999999986,"failureMessages":[],"meta":{}}],"startTime":1773262641824,"endTime":1773262641826.2256,"status":"passed","message":"","name":"D:/crypto-cyber-survivors/tests/freshness/components/screens/LevelUpScreen/SlotReel.test.ts"},{"assertionResults":[{"ancestorTitles":["freshness:services/combat/physics/PhysicsContext.ts"],"fullName":"freshness:services/combat/physics/PhysicsContext.ts keeps mapped source file present and not stale","status":"passed","title":"keeps mapped source file present and not stale","duration":2.1469999999999345,"failureMessages":[],"meta":{}}],"startTime":1773262648680,"endTime":1773262648682.147,"status":"passed","message":"","name":"D:/crypto-cyber-survivors/tests/freshness/services/combat/physics/PhysicsContext.test.ts"},{"assertionResults":[{"ancestorTitles":["freshness:services/core/metrics/MetricsStorage.ts"],"fullName":"freshness:services/core/metrics/MetricsStorage.ts keeps mapped source file present and not stale","status":"passed","title":"keeps mapped source file present and not stale","duration":2.2148999999999432,"failureMessages":[],"meta":{}}],"startTime":1773262646817,"endTime":1773262646819.2148,"status":"passed","message":"","name":"D:/crypto-cyber-survivors/tests/freshness/services/core/metrics/MetricsStorage.test.ts"},{"assertionResults":[{"ancestorTitles":["freshness:services/patterns/decorators/IPlayerStats.ts"],"fullName":"freshness:services/patterns/decorators/IPlayerStats.ts keeps mapped source file present and not stale","status":"passed","title":"keeps mapped source file present and not stale","duration":2.541900000000169,"failureMessages":[],"meta":{}}],"startTime":1773262633464,"endTime":1773262633466.542,"status":"passed","message":"","name":"D:/crypto-cyber-survivors/tests/freshness/services/patterns/decorators/IPlayerStats.test.ts"},{"assertionResults":[{"ancestorTitles":["PlayerStatsAdapter"],"fullName":"PlayerStatsAdapter maps player core stats through the decorator interface","status":"passed","title":"maps player core stats through the decorator interface","duration":2.707700000000159,"failureMessages":[],"meta":{}},{"ancestorTitles":["PlayerStatsAdapter"],"fullName":"PlayerStatsAdapter derives crit damage as 2x crit chance","status":"passed","title":"derives crit damage as 2x crit chance","duration":0.3626000000001568,"failureMessages":[],"meta":{}}],"startTime":1773262630781,"endTime":1773262630784.3625,"status":"passed","message":"","name":"D:/crypto-cyber-survivors/tests/freshness/services/patterns/decorators/PlayerStatsAdapter.test.ts"},{"assertionResults":[{"ancestorTitles":["BerserkDecorator"],"fullName":"BerserkDecorator applies high-risk offensive multipliers","status":"passed","title":"applies high-risk offensive multipliers","duration":1.8717999999998938,"failureMessages":[],"meta":{}},{"ancestorTitles":["BerserkDecorator"],"fullName":"BerserkDecorator never returns negative armor and exposes metadata","status":"passed","title":"never returns negative armor and exposes metadata","duration":1.2998999999999796,"failureMessages":[],"meta":{}}],"startTime":1773262633551,"endTime":1773262633554.2998,"status":"passed","message":"","name":"D:/crypto-cyber-survivors/tests/freshness/services/patterns/decorators/buffs/BerserkDecorator.test.ts"},{"assertionResults":[{"ancestorTitles":["DiamondHandsDecorator"],"fullName":"DiamondHandsDecorator adds permanent armor and crit bonuses","status":"passed","title":"adds permanent armor and crit bonuses","duration":1.8624999999997272,"failureMessages":[],"meta":{}},{"ancestorTitles":["DiamondHandsDecorator"],"fullName":"DiamondHandsDecorator exposes stable metadata","status":"passed","title":"exposes stable metadata","duration":0.5063000000000102,"failureMessages":[],"meta":{}}],"startTime":1773262631253,"endTime":1773262631255.5063,"status":"passed","message":"","name":"D:/crypto-cyber-survivors/tests/freshness/services/patterns/decorators/buffs/DiamondHandsDecorator.test.ts"},{"assertionResults":[{"ancestorTitles":["LuckBoostDecorator"],"fullName":"LuckBoostDecorator applies additive luck and magnet bonuses","status":"passed","title":"applies additive luck and magnet bonuses","duration":1.8615000000002055,"failureMessages":[],"meta":{}},{"ancestorTitles":["LuckBoostDecorator"],"fullName":"LuckBoostDecorator exposes expected metadata","status":"passed","title":"exposes expected metadata","duration":0.6483000000000629,"failureMessages":[],"meta":{}}],"startTime":1773262633040,"endTime":1773262633042.6482,"status":"passed","message":"","name":"D:/crypto-cyber-survivors/tests/freshness/services/patterns/decorators/buffs/LuckBoostDecorator.test.ts"},{"assertionResults":[{"ancestorTitles":["RageModeDecorator"],"fullName":"RageModeDecorator applies temporary damage and speed multipliers","status":"passed","title":"applies temporary damage and speed multipliers","duration":1.7608000000000175,"failureMessages":[],"meta":{}},{"ancestorTitles":["RageModeDecorator"],"fullName":"RageModeDecorator exposes expected metadata","status":"passed","title":"exposes expected metadata","duration":0.6003000000000611,"failureMessages":[],"meta":{}}],"startTime":1773262635163,"endTime":1773262635165.6003,"status":"passed","message":"","name":"D:/crypto-cyber-survivors/tests/freshness/services/patterns/decorators/buffs/RageModeDecorator.test.ts"},{"assertionResults":[{"ancestorTitles":["LiquidatedDecorator"],"fullName":"LiquidatedDecorator applies severe offensive penalties","status":"passed","title":"applies severe offensive penalties","duration":1.6382999999996173,"failureMessages":[],"meta":{}},{"ancestorTitles":["LiquidatedDecorator"],"fullName":"LiquidatedDecorator exposes expected metadata","status":"passed","title":"exposes expected metadata","duration":0.5490999999997257,"failureMessages":[],"meta":{}}],"startTime":1773262633953,"endTime":1773262633955.549,"status":"passed","message":"","name":"D:/crypto-cyber-survivors/tests/freshness/services/patterns/decorators/debuffs/LiquidatedDecorator.test.ts"},{"assertionResults":[{"ancestorTitles":["SlowDecorator"],"fullName":"SlowDecorator uses default 50% slow when no custom value is provided","status":"passed","title":"uses default 50% slow when no custom value is provided","duration":1.5346999999999298,"failureMessages":[],"meta":{}},{"ancestorTitles":["SlowDecorator"],"fullName":"SlowDecorator supports custom slow values and description text","status":"passed","title":"supports custom slow values and description text","duration":0.4151999999999134,"failureMessages":[],"meta":{}},{"ancestorTitles":["SlowDecorator"],"fullName":"SlowDecorator exposes expected metadata","status":"passed","title":"exposes expected metadata","duration":0.42200000000002547,"failureMessages":[],"meta":{}}],"startTime":1773262643862,"endTime":1773262643864.422,"status":"passed","message":"","name":"D:/crypto-cyber-survivors/tests/freshness/services/patterns/decorators/debuffs/SlowDecorator.test.ts"},{"assertionResults":[{"ancestorTitles":["VulnerableDecorator"],"fullName":"VulnerableDecorator reduces armor by 50%","status":"passed","title":"reduces armor by 50%","duration":1.6627000000000862,"failureMessages":[],"meta":{}},{"ancestorTitles":["VulnerableDecorator"],"fullName":"VulnerableDecorator clamps armor to zero when wrapped value is negative","status":"passed","title":"clamps armor to zero when wrapped value is negative","duration":0.3185000000000855,"failureMessages":[],"meta":{}},{"ancestorTitles":["VulnerableDecorator"],"fullName":"VulnerableDecorator exposes expected metadata","status":"passed","title":"exposes expected metadata","duration":0.5869999999999891,"failureMessages":[],"meta":{}}],"startTime":1773262644977,"endTime":1773262644979.587,"status":"passed","message":"","name":"D:/crypto-cyber-survivors/tests/freshness/services/patterns/decorators/debuffs/VulnerableDecorator.test.ts"},{"assertionResults":[{"ancestorTitles":["WeakenedDecorator"],"fullName":"WeakenedDecorator reduces damage and luck","status":"passed","title":"reduces damage and luck","duration":1.5837000000001353,"failureMessages":[],"meta":{}},{"ancestorTitles":["WeakenedDecorator"],"fullName":"WeakenedDecorator exposes expected metadata","status":"passed","title":"exposes expected metadata","duration":0.6005000000000109,"failureMessages":[],"meta":{}}],"startTime":1773262633529,"endTime":1773262633531.6006,"status":"passed","message":"","name":"D:/crypto-cyber-survivors/tests/freshness/services/patterns/decorators/debuffs/WeakenedDecorator.test.ts"}]}
