{
  "numTotalTestSuites": 632,
  "numPassedTestSuites": 629,
  "numFailedTestSuites": 3,
  "numPendingTestSuites": 0,
  "numTotalTests": 1403,
  "numPassedTests": 1399,
  "numFailedTests": 4,
  "numPendingTests": 0,
  "numTodoTests": 0,
  "snapshot": {
    "added": 0,
    "failure": false,
    "filesAdded": 0,
    "filesRemoved": 0,
    "filesRemovedList": [],
    "filesUnmatched": 0,
    "filesUpdated": 0,
    "matched": 0,
    "total": 0,
    "unchecked": 0,
    "uncheckedKeysByFile": [],
    "unmatched": 0,
    "updated": 0,
    "didUpdate": false
  },
  "startTime": 1768218125792,
  "success": false,
  "testResults": [
    {
      "assertionResults": [
        {
          "ancestorTitles": ["App"],
          "fullName": "App renders without crashing and shows HubMenu initially",
          "status": "passed",
          "title": "renders without crashing and shows HubMenu initially",
          "duration": 68.40570000000025,
          "failureMessages": [],
          "meta": {}
        }
      ],
      "startTime": 1768218133762,
      "endTime": 1768218133830.4058,
      "status": "passed",
      "message": "",
      "name": "D:/crypto-cyber-survivors/tests/App.test.tsx"
    },
    {
      "assertionResults": [
        {
          "ancestorTitles": ["AudioService", "mute controls"],
          "fullName": "AudioService mute controls should start unmuted",
          "status": "passed",
          "title": "should start unmuted",
          "duration": 1.8471000000001823,
          "failureMessages": [],
          "meta": {}
        },
        {
          "ancestorTitles": ["AudioService", "mute controls"],
          "fullName": "AudioService mute controls should toggle mute state",
          "status": "passed",
          "title": "should toggle mute state",
          "duration": 0.5277000000000953,
          "failureMessages": [],
          "meta": {}
        },
        {
          "ancestorTitles": ["AudioService", "mute controls"],
          "fullName": "AudioService mute controls should return new mute state from toggleMute",
          "status": "passed",
          "title": "should return new mute state from toggleMute",
          "duration": 0.22890000000006694,
          "failureMessages": [],
          "meta": {}
        },
        {
          "ancestorTitles": ["AudioService", "volume controls"],
          "fullName": "AudioService volume controls should start with volume at 1.0",
          "status": "passed",
          "title": "should start with volume at 1.0",
          "duration": 0.26510000000007494,
          "failureMessages": [],
          "meta": {}
        },
        {
          "ancestorTitles": ["AudioService", "volume controls"],
          "fullName": "AudioService volume controls should set volume within valid range",
          "status": "passed",
          "title": "should set volume within valid range",
          "duration": 0.3344999999999345,
          "failureMessages": [],
          "meta": {}
        },
        {
          "ancestorTitles": ["AudioService", "volume controls"],
          "fullName": "AudioService volume controls should clamp volume to minimum 0",
          "status": "passed",
          "title": "should clamp volume to minimum 0",
          "duration": 0.20869999999990796,
          "failureMessages": [],
          "meta": {}
        },
        {
          "ancestorTitles": ["AudioService", "volume controls"],
          "fullName": "AudioService volume controls should clamp volume to maximum 1",
          "status": "passed",
          "title": "should clamp volume to maximum 1",
          "duration": 0.18380000000001928,
          "failureMessages": [],
          "meta": {}
        },
        {
          "ancestorTitles": ["AudioService", "volume controls"],
          "fullName": "AudioService volume controls should accept boundary values",
          "status": "passed",
          "title": "should accept boundary values",
          "duration": 0.2256999999999607,
          "failureMessages": [],
          "meta": {}
        },
        {
          "ancestorTitles": ["AudioService", "state persistence"],
          "fullName": "AudioService state persistence should maintain mute state across multiple toggles",
          "status": "passed",
          "title": "should maintain mute state across multiple toggles",
          "duration": 0.1997999999998683,
          "failureMessages": [],
          "meta": {}
        },
        {
          "ancestorTitles": ["AudioService", "state persistence"],
          "fullName": "AudioService state persistence should maintain volume after mute/unmute cycle",
          "status": "passed",
          "title": "should maintain volume after mute/unmute cycle",
          "duration": 0.2238999999999578,
          "failureMessages": [],
          "meta": {}
        },
        {
          "ancestorTitles": ["AudioService", "synthesized sounds"],
          "fullName": "AudioService synthesized sounds should have mocked AudioContext globally",
          "status": "passed",
          "title": "should have mocked AudioContext globally",
          "duration": 0.4153000000001157,
          "failureMessages": [],
          "meta": {}
        },
        {
          "ancestorTitles": ["AudioService", "synthesized sounds"],
          "fullName": "AudioService synthesized sounds should initialize AudioContext on first play",
          "status": "passed",
          "title": "should initialize AudioContext on first play",
          "duration": 1.4605000000001382,
          "failureMessages": [],
          "meta": {}
        },
        {
          "ancestorTitles": ["AudioService", "synthesized sounds"],
          "fullName": "AudioService synthesized sounds should play shoot sound",
          "status": "passed",
          "title": "should play shoot sound",
          "duration": 0.8679000000001906,
          "failureMessages": [],
          "meta": {}
        },
        {
          "ancestorTitles": ["AudioService", "synthesized sounds"],
          "fullName": "AudioService synthesized sounds should handle multi-projectile shoot sound",
          "status": "passed",
          "title": "should handle multi-projectile shoot sound",
          "duration": 0.5960999999999785,
          "failureMessages": [],
          "meta": {}
        },
        {
          "ancestorTitles": ["AudioService", "synthesized sounds"],
          "fullName": "AudioService synthesized sounds should play crit sound",
          "status": "passed",
          "title": "should play crit sound",
          "duration": 0.5931000000000495,
          "failureMessages": [],
          "meta": {}
        },
        {
          "ancestorTitles": ["AudioService", "synthesized sounds"],
          "fullName": "AudioService synthesized sounds should play hit sound",
          "status": "passed",
          "title": "should play hit sound",
          "duration": 0.6341999999999643,
          "failureMessages": [],
          "meta": {}
        },
        {
          "ancestorTitles": ["AudioService", "synthesized sounds"],
          "fullName": "AudioService synthesized sounds should play gem sound",
          "status": "passed",
          "title": "should play gem sound",
          "duration": 0.4358999999999469,
          "failureMessages": [],
          "meta": {}
        },
        {
          "ancestorTitles": ["AudioService", "synthesized sounds"],
          "fullName": "AudioService synthesized sounds should play level up sound",
          "status": "passed",
          "title": "should play level up sound",
          "duration": 0.8290000000001783,
          "failureMessages": [],
          "meta": {}
        },
        {
          "ancestorTitles": ["AudioService", "synthesized sounds"],
          "fullName": "AudioService synthesized sounds should play dash sound",
          "status": "passed",
          "title": "should play dash sound",
          "duration": 0.7155999999999949,
          "failureMessages": [],
          "meta": {}
        },
        {
          "ancestorTitles": ["AudioService", "synthesized sounds"],
          "fullName": "AudioService synthesized sounds should play combo sound",
          "status": "passed",
          "title": "should play combo sound",
          "duration": 0.5054000000000087,
          "failureMessages": [],
          "meta": {}
        },
        {
          "ancestorTitles": ["AudioService", "synthesized sounds"],
          "fullName": "AudioService synthesized sounds should play death sound",
          "status": "passed",
          "title": "should play death sound",
          "duration": 0.9183000000000447,
          "failureMessages": [],
          "meta": {}
        },
        {
          "ancestorTitles": ["AudioService", "synthesized sounds"],
          "fullName": "AudioService synthesized sounds should respect cooldowns",
          "status": "passed",
          "title": "should respect cooldowns",
          "duration": 4.42009999999982,
          "failureMessages": [],
          "meta": {}
        },
        {
          "ancestorTitles": ["AudioService", "synthesized sounds", "Combo Milestones"],
          "fullName": "AudioService synthesized sounds Combo Milestones should play all combo milestone sounds",
          "status": "passed",
          "title": "should play all combo milestone sounds",
          "duration": 4.803699999999935,
          "failureMessages": [],
          "meta": {}
        },
        {
          "ancestorTitles": [
            "AudioService",
            "synthesized sounds",
            "Slot Machine Sounds"
          ],
          "fullName": "AudioService synthesized sounds Slot Machine Sounds should play slot tick",
          "status": "passed",
          "title": "should play slot tick",
          "duration": 0.45489999999995234,
          "failureMessages": [],
          "meta": {}
        },
        {
          "ancestorTitles": [
            "AudioService",
            "synthesized sounds",
            "Slot Machine Sounds"
          ],
          "fullName": "AudioService synthesized sounds Slot Machine Sounds should play anticipation sound",
          "status": "passed",
          "title": "should play anticipation sound",
          "duration": 0.8501000000001113,
          "failureMessages": [],
          "meta": {}
        },
        {
          "ancestorTitles": [
            "AudioService",
            "synthesized sounds",
            "Slot Machine Sounds"
          ],
          "fullName": "AudioService synthesized sounds Slot Machine Sounds should respect slot tick cooldown",
          "status": "passed",
          "title": "should respect slot tick cooldown",
          "duration": 0.9664000000000215,
          "failureMessages": [],
          "meta": {}
        },
        {
          "ancestorTitles": [
            "AudioService",
            "synthesized sounds",
            "Howler Integration"
          ],
          "fullName": "AudioService synthesized sounds Howler Integration should load sound via Howler",
          "status": "passed",
          "title": "should load sound via Howler",
          "duration": 0.27569999999991524,
          "failureMessages": [],
          "meta": {}
        },
        {
          "ancestorTitles": [
            "AudioService",
            "synthesized sounds",
            "Howler Integration"
          ],
          "fullName": "AudioService synthesized sounds Howler Integration should play loaded sound",
          "status": "passed",
          "title": "should play loaded sound",
          "duration": 0.2161999999998443,
          "failureMessages": [],
          "meta": {}
        },
        {
          "ancestorTitles": [
            "AudioService",
            "synthesized sounds",
            "Howler Integration"
          ],
          "fullName": "AudioService synthesized sounds Howler Integration should stop loaded sound",
          "status": "passed",
          "title": "should stop loaded sound",
          "duration": 0.19910000000004402,
          "failureMessages": [],
          "meta": {}
        },
        {
          "ancestorTitles": [
            "AudioService",
            "synthesized sounds",
            "Howler Integration"
          ],
          "fullName": "AudioService synthesized sounds Howler Integration should unload all sounds",
          "status": "passed",
          "title": "should unload all sounds",
          "duration": 0.2885999999998603,
          "failureMessages": [],
          "meta": {}
        }
      ],
      "startTime": 1768218135638,
      "endTime": 1768218135663.2886,
      "status": "passed",
      "message": "",
      "name": "D:/crypto-cyber-survivors/tests/audioService.test.ts"
    },
    {
      "assertionResults": [
        {
          "ancestorTitles": ["Bitcoin-PNL-Difficulty System", "PNL Calculation"],
          "fullName": "Bitcoin-PNL-Difficulty System PNL Calculation should calculate positive PNL when LONG and price goes UP",
          "status": "passed",
          "title": "should calculate positive PNL when LONG and price goes UP",
          "duration": 2.50630000000001,
          "failureMessages": [],
          "meta": {}
        },
        {
          "ancestorTitles": ["Bitcoin-PNL-Difficulty System", "PNL Calculation"],
          "fullName": "Bitcoin-PNL-Difficulty System PNL Calculation should calculate negative PNL when LONG and price goes DOWN",
          "status": "passed",
          "title": "should calculate negative PNL when LONG and price goes DOWN",
          "duration": 0.3221000000000913,
          "failureMessages": [],
          "meta": {}
        },
        {
          "ancestorTitles": ["Bitcoin-PNL-Difficulty System", "PNL Calculation"],
          "fullName": "Bitcoin-PNL-Difficulty System PNL Calculation should calculate positive PNL when SHORT and price goes DOWN",
          "status": "passed",
          "title": "should calculate positive PNL when SHORT and price goes DOWN",
          "duration": 0.21550000000002,
          "failureMessages": [],
          "meta": {}
        },
        {
          "ancestorTitles": ["Bitcoin-PNL-Difficulty System", "PNL Calculation"],
          "fullName": "Bitcoin-PNL-Difficulty System PNL Calculation should calculate negative PNL when SHORT and price goes UP",
          "status": "passed",
          "title": "should calculate negative PNL when SHORT and price goes UP",
          "duration": 0.29700000000002547,
          "failureMessages": [],
          "meta": {}
        },
        {
          "ancestorTitles": ["Bitcoin-PNL-Difficulty System", "Leverage Effect"],
          "fullName": "Bitcoin-PNL-Difficulty System Leverage Effect should amplify PNL by leverage multiplier",
          "status": "passed",
          "title": "should amplify PNL by leverage multiplier",
          "duration": 0.38419999999996435,
          "failureMessages": [],
          "meta": {}
        },
        {
          "ancestorTitles": ["Bitcoin-PNL-Difficulty System", "Leverage Effect"],
          "fullName": "Bitcoin-PNL-Difficulty System Leverage Effect should amplify losses as well as profits",
          "status": "passed",
          "title": "should amplify losses as well as profits",
          "duration": 0.19820000000004256,
          "failureMessages": [],
          "meta": {}
        },
        {
          "ancestorTitles": [
            "Bitcoin-PNL-Difficulty System",
            "Difficulty Response to PNL"
          ],
          "fullName": "Bitcoin-PNL-Difficulty System Difficulty Response to PNL should make game EASIER when player is profiting",
          "status": "passed",
          "title": "should make game EASIER when player is profiting",
          "duration": 1.207600000000184,
          "failureMessages": [],
          "meta": {}
        },
        {
          "ancestorTitles": [
            "Bitcoin-PNL-Difficulty System",
            "Difficulty Response to PNL"
          ],
          "fullName": "Bitcoin-PNL-Difficulty System Difficulty Response to PNL should make game HARDER when player is losing",
          "status": "passed",
          "title": "should make game HARDER when player is losing",
          "duration": 0.46669999999994616,
          "failureMessages": [],
          "meta": {}
        },
        {
          "ancestorTitles": [
            "Bitcoin-PNL-Difficulty System",
            "Difficulty Response to PNL"
          ],
          "fullName": "Bitcoin-PNL-Difficulty System Difficulty Response to PNL should scale difficulty with loss magnitude",
          "status": "passed",
          "title": "should scale difficulty with loss magnitude",
          "duration": 0.28120000000012624,
          "failureMessages": [],
          "meta": {}
        },
        {
          "ancestorTitles": [
            "Bitcoin-PNL-Difficulty System",
            "Difficulty Response to PNL"
          ],
          "fullName": "Bitcoin-PNL-Difficulty System Difficulty Response to PNL should not go below minimum difficulty even with huge profits",
          "status": "passed",
          "title": "should not go below minimum difficulty even with huge profits",
          "duration": 0.25919999999996435,
          "failureMessages": [],
          "meta": {}
        },
        {
          "ancestorTitles": [
            "Bitcoin-PNL-Difficulty System",
            "Difficulty Response to PNL"
          ],
          "fullName": "Bitcoin-PNL-Difficulty System Difficulty Response to PNL should not exceed maximum difficulty even with huge losses",
          "status": "passed",
          "title": "should not exceed maximum difficulty even with huge losses",
          "duration": 0.19290000000000873,
          "failureMessages": [],
          "meta": {}
        },
        {
          "ancestorTitles": [
            "Bitcoin-PNL-Difficulty System",
            "Volatility (ATR) Effect"
          ],
          "fullName": "Bitcoin-PNL-Difficulty System Volatility (ATR) Effect should increase difficulty during high volatility",
          "status": "passed",
          "title": "should increase difficulty during high volatility",
          "duration": 0.29970000000002983,
          "failureMessages": [],
          "meta": {}
        },
        {
          "ancestorTitles": [
            "Bitcoin-PNL-Difficulty System",
            "Volatility (ATR) Effect"
          ],
          "fullName": "Bitcoin-PNL-Difficulty System Volatility (ATR) Effect should combine volatility with PNL effect",
          "status": "passed",
          "title": "should combine volatility with PNL effect",
          "duration": 0.2403999999999087,
          "failureMessages": [],
          "meta": {}
        },
        {
          "ancestorTitles": ["Bitcoin-PNL-Difficulty System", "Near-Death Mercy"],
          "fullName": "Bitcoin-PNL-Difficulty System Near-Death Mercy should reduce difficulty when HP drops below 20%",
          "status": "passed",
          "title": "should reduce difficulty when HP drops below 20%",
          "duration": 0.23060000000009495,
          "failureMessages": [],
          "meta": {}
        },
        {
          "ancestorTitles": ["Bitcoin-PNL-Difficulty System", "Near-Death Mercy"],
          "fullName": "Bitcoin-PNL-Difficulty System Near-Death Mercy should give losing players a chance to recover",
          "status": "passed",
          "title": "should give losing players a chance to recover",
          "duration": 0.17340000000012878,
          "failureMessages": [],
          "meta": {}
        },
        {
          "ancestorTitles": ["Bitcoin-PNL-Difficulty System", "Real-World Scenarios"],
          "fullName": "Bitcoin-PNL-Difficulty System Real-World Scenarios Scenario: LONG position, BTC pumps 3% with 10x leverage",
          "status": "passed",
          "title": "Scenario: LONG position, BTC pumps 3% with 10x leverage",
          "duration": 0.19029999999997926,
          "failureMessages": [],
          "meta": {}
        },
        {
          "ancestorTitles": ["Bitcoin-PNL-Difficulty System", "Real-World Scenarios"],
          "fullName": "Bitcoin-PNL-Difficulty System Real-World Scenarios Scenario: SHORT position, BTC pumps 3% with 10x leverage",
          "status": "passed",
          "title": "Scenario: SHORT position, BTC pumps 3% with 10x leverage",
          "duration": 2.3853999999998905,
          "failureMessages": [],
          "meta": {}
        },
        {
          "ancestorTitles": ["Bitcoin-PNL-Difficulty System", "Real-World Scenarios"],
          "fullName": "Bitcoin-PNL-Difficulty System Real-World Scenarios Scenario: Sideways market with high volatility",
          "status": "passed",
          "title": "Scenario: Sideways market with high volatility",
          "duration": 0.9184999999999945,
          "failureMessages": [],
          "meta": {}
        },
        {
          "ancestorTitles": ["Bitcoin-PNL-Difficulty System", "Real-World Scenarios"],
          "fullName": "Bitcoin-PNL-Difficulty System Real-World Scenarios Scenario: Player recovering from near-death during crash",
          "status": "passed",
          "title": "Scenario: Player recovering from near-death during crash",
          "duration": 0.1837999999997919,
          "failureMessages": [],
          "meta": {}
        }
      ],
      "startTime": 1768218141206,
      "endTime": 1768218141218.1838,
      "status": "passed",
      "message": "",
      "name": "D:/crypto-cyber-survivors/tests/BitcoinPnlDifficulty.test.ts"
    },
    {
      "assertionResults": [
        {
          "ancestorTitles": ["BuffGemSpawner", "initialization"],
          "fullName": "BuffGemSpawner initialization should initialize with screen dimensions",
          "status": "passed",
          "title": "should initialize with screen dimensions",
          "duration": 4.434200000000146,
          "failureMessages": [],
          "meta": {}
        },
        {
          "ancestorTitles": ["BuffGemSpawner", "initialization"],
          "fullName": "BuffGemSpawner initialization should update dimensions",
          "status": "passed",
          "title": "should update dimensions",
          "duration": 0.8862000000001444,
          "failureMessages": [],
          "meta": {}
        },
        {
          "ancestorTitles": ["BuffGemSpawner", "gem spawning"],
          "fullName": "BuffGemSpawner gem spawning should force spawn a gem",
          "status": "passed",
          "title": "should force spawn a gem",
          "duration": 0.8843999999999141,
          "failureMessages": [],
          "meta": {}
        },
        {
          "ancestorTitles": ["BuffGemSpawner", "gem spawning"],
          "fullName": "BuffGemSpawner gem spawning should spawn specific buff type",
          "status": "passed",
          "title": "should spawn specific buff type",
          "duration": 0.6312000000000353,
          "failureMessages": [],
          "meta": {}
        },
        {
          "ancestorTitles": ["BuffGemSpawner", "gem spawning"],
          "fullName": "BuffGemSpawner gem spawning should spawn gems with correct properties",
          "status": "passed",
          "title": "should spawn gems with correct properties",
          "duration": 0.88799999999992,
          "failureMessages": [],
          "meta": {}
        },
        {
          "ancestorTitles": ["BuffGemSpawner", "gem collection"],
          "fullName": "BuffGemSpawner gem collection should collect gem and remove from active list",
          "status": "passed",
          "title": "should collect gem and remove from active list",
          "duration": 0.9963999999999942,
          "failureMessages": [],
          "meta": {}
        },
        {
          "ancestorTitles": ["BuffGemSpawner", "gem expiration"],
          "fullName": "BuffGemSpawner gem expiration should expire gems after lifetime",
          "status": "passed",
          "title": "should expire gems after lifetime",
          "duration": 0.9612999999999374,
          "failureMessages": [],
          "meta": {}
        },
        {
          "ancestorTitles": ["BuffGemSpawner", "gem expiration"],
          "fullName": "BuffGemSpawner gem expiration should calculate lifetime ratio correctly",
          "status": "passed",
          "title": "should calculate lifetime ratio correctly",
          "duration": 0.526299999999992,
          "failureMessages": [],
          "meta": {}
        },
        {
          "ancestorTitles": ["BuffGemSpawner", "volatility-based spawning"],
          "fullName": "BuffGemSpawner volatility-based spawning should not spawn when volatility change is below threshold",
          "status": "passed",
          "title": "should not spawn when volatility change is below threshold",
          "duration": 0.41099999999983083,
          "failureMessages": [],
          "meta": {}
        },
        {
          "ancestorTitles": ["BuffGemSpawner", "volatility-based spawning"],
          "fullName": "BuffGemSpawner volatility-based spawning should spawn when volatility change exceeds threshold",
          "status": "passed",
          "title": "should spawn when volatility change exceeds threshold",
          "duration": 2.6634999999998854,
          "failureMessages": [],
          "meta": {}
        },
        {
          "ancestorTitles": ["BuffGemSpawner", "configuration"],
          "fullName": "BuffGemSpawner configuration should allow configuration changes",
          "status": "passed",
          "title": "should allow configuration changes",
          "duration": 0.49289999999996326,
          "failureMessages": [],
          "meta": {}
        },
        {
          "ancestorTitles": ["BuffGemSpawner", "clear and reset"],
          "fullName": "BuffGemSpawner clear and reset should clear all gems",
          "status": "passed",
          "title": "should clear all gems",
          "duration": 0.677199999999857,
          "failureMessages": [],
          "meta": {}
        },
        {
          "ancestorTitles": ["BuffGemSpawner", "clear and reset"],
          "fullName": "BuffGemSpawner clear and reset should reset all state",
          "status": "passed",
          "title": "should reset all state",
          "duration": 0.44089999999982865,
          "failureMessages": [],
          "meta": {}
        }
      ],
      "startTime": 1768218138524,
      "endTime": 1768218138540.441,
      "status": "passed",
      "message": "",
      "name": "D:/crypto-cyber-survivors/tests/BuffGemSpawner.test.ts"
    },
    {
      "assertionResults": [
        {
          "ancestorTitles": ["BuffManager", "initialization"],
          "fullName": "BuffManager initialization should initialize with a player",
          "status": "passed",
          "title": "should initialize with a player",
          "duration": 3.4493999999999687,
          "failureMessages": [],
          "meta": {}
        },
        {
          "ancestorTitles": ["BuffManager", "initialization"],
          "fullName": "BuffManager initialization should return base stats when no effects are applied",
          "status": "passed",
          "title": "should return base stats when no effects are applied",
          "duration": 0.7726000000000113,
          "failureMessages": [],
          "meta": {}
        },
        {
          "ancestorTitles": ["BuffManager", "initialization"],
          "fullName": "BuffManager initialization should throw error when getting stats without initialization",
          "status": "passed",
          "title": "should throw error when getting stats without initialization",
          "duration": 1.1685999999999694,
          "failureMessages": [],
          "meta": {}
        },
        {
          "ancestorTitles": ["BuffManager", "buff application"],
          "fullName": "BuffManager buff application should apply RageMode buff correctly",
          "status": "passed",
          "title": "should apply RageMode buff correctly",
          "duration": 1.1672000000000935,
          "failureMessages": [],
          "meta": {}
        },
        {
          "ancestorTitles": ["BuffManager", "buff application"],
          "fullName": "BuffManager buff application should apply DiamondHands buff correctly",
          "status": "passed",
          "title": "should apply DiamondHands buff correctly",
          "duration": 0.9602999999999611,
          "failureMessages": [],
          "meta": {}
        },
        {
          "ancestorTitles": ["BuffManager", "buff application"],
          "fullName": "BuffManager buff application should apply Berserk buff correctly",
          "status": "passed",
          "title": "should apply Berserk buff correctly",
          "duration": 0.7853000000000065,
          "failureMessages": [],
          "meta": {}
        },
        {
          "ancestorTitles": ["BuffManager", "buff application"],
          "fullName": "BuffManager buff application should apply LuckBoost buff correctly",
          "status": "passed",
          "title": "should apply LuckBoost buff correctly",
          "duration": 0.6447000000000571,
          "failureMessages": [],
          "meta": {}
        },
        {
          "ancestorTitles": ["BuffManager", "debuff application"],
          "fullName": "BuffManager debuff application should apply Slow debuff correctly",
          "status": "passed",
          "title": "should apply Slow debuff correctly",
          "duration": 1.5779999999999745,
          "failureMessages": [],
          "meta": {}
        },
        {
          "ancestorTitles": ["BuffManager", "debuff application"],
          "fullName": "BuffManager debuff application should apply Vulnerable debuff correctly",
          "status": "passed",
          "title": "should apply Vulnerable debuff correctly",
          "duration": 0.65300000000002,
          "failureMessages": [],
          "meta": {}
        },
        {
          "ancestorTitles": ["BuffManager", "debuff application"],
          "fullName": "BuffManager debuff application should apply Liquidated debuff correctly",
          "status": "passed",
          "title": "should apply Liquidated debuff correctly",
          "duration": 0.7974000000001524,
          "failureMessages": [],
          "meta": {}
        },
        {
          "ancestorTitles": ["BuffManager", "debuff application"],
          "fullName": "BuffManager debuff application should apply Weakened debuff correctly",
          "status": "passed",
          "title": "should apply Weakened debuff correctly",
          "duration": 0.5738000000001193,
          "failureMessages": [],
          "meta": {}
        },
        {
          "ancestorTitles": ["BuffManager", "stacking effects"],
          "fullName": "BuffManager stacking effects should stack multiple buffs correctly",
          "status": "passed",
          "title": "should stack multiple buffs correctly",
          "duration": 0.5442000000000462,
          "failureMessages": [],
          "meta": {}
        },
        {
          "ancestorTitles": ["BuffManager", "stacking effects"],
          "fullName": "BuffManager stacking effects should stack buff and debuff correctly",
          "status": "passed",
          "title": "should stack buff and debuff correctly",
          "duration": 0.3788999999999305,
          "failureMessages": [],
          "meta": {}
        },
        {
          "ancestorTitles": ["BuffManager", "stacking effects"],
          "fullName": "BuffManager stacking effects should handle multiple debuffs stacking",
          "status": "passed",
          "title": "should handle multiple debuffs stacking",
          "duration": 0.513700000000199,
          "failureMessages": [],
          "meta": {}
        },
        {
          "ancestorTitles": ["BuffManager", "effect management"],
          "fullName": "BuffManager effect management should return effect ID when adding",
          "status": "passed",
          "title": "should return effect ID when adding",
          "duration": 0.6686000000001968,
          "failureMessages": [],
          "meta": {}
        },
        {
          "ancestorTitles": ["BuffManager", "effect management"],
          "fullName": "BuffManager effect management should remove effect by ID",
          "status": "passed",
          "title": "should remove effect by ID",
          "duration": 0.6141000000000076,
          "failureMessages": [],
          "meta": {}
        },
        {
          "ancestorTitles": ["BuffManager", "effect management"],
          "fullName": "BuffManager effect management should remove effect by name",
          "status": "passed",
          "title": "should remove effect by name",
          "duration": 0.5936000000001513,
          "failureMessages": [],
          "meta": {}
        },
        {
          "ancestorTitles": ["BuffManager", "effect management"],
          "fullName": "BuffManager effect management should extend duration when adding same temporary buff",
          "status": "passed",
          "title": "should extend duration when adding same temporary buff",
          "duration": 1.520100000000184,
          "failureMessages": [],
          "meta": {}
        },
        {
          "ancestorTitles": ["BuffManager", "effect management"],
          "fullName": "BuffManager effect management should not stack permanent effects",
          "status": "passed",
          "title": "should not stack permanent effects",
          "duration": 0.5731000000000677,
          "failureMessages": [],
          "meta": {}
        },
        {
          "ancestorTitles": ["BuffManager", "effect management"],
          "fullName": "BuffManager effect management should check if effect exists",
          "status": "passed",
          "title": "should check if effect exists",
          "duration": 0.4696999999998752,
          "failureMessages": [],
          "meta": {}
        },
        {
          "ancestorTitles": ["BuffManager", "effect management"],
          "fullName": "BuffManager effect management should get active effects list",
          "status": "passed",
          "title": "should get active effects list",
          "duration": 0.616800000000012,
          "failureMessages": [],
          "meta": {}
        },
        {
          "ancestorTitles": ["BuffManager", "effect management"],
          "fullName": "BuffManager effect management should clear all effects",
          "status": "passed",
          "title": "should clear all effects",
          "duration": 0.5668000000000575,
          "failureMessages": [],
          "meta": {}
        },
        {
          "ancestorTitles": ["BuffManager", "effect management"],
          "fullName": "BuffManager effect management should clear only temporary effects",
          "status": "passed",
          "title": "should clear only temporary effects",
          "duration": 0.7050999999999021,
          "failureMessages": [],
          "meta": {}
        },
        {
          "ancestorTitles": ["BuffManager", "effect expiration"],
          "fullName": "BuffManager effect expiration should expire temporary effects after duration",
          "status": "passed",
          "title": "should expire temporary effects after duration",
          "duration": 0.6213999999999942,
          "failureMessages": [],
          "meta": {}
        },
        {
          "ancestorTitles": ["BuffManager", "effect expiration"],
          "fullName": "BuffManager effect expiration should not expire permanent effects",
          "status": "passed",
          "title": "should not expire permanent effects",
          "duration": 0.4378999999998996,
          "failureMessages": [],
          "meta": {}
        },
        {
          "ancestorTitles": ["BuffManager", "effect expiration"],
          "fullName": "BuffManager effect expiration should track remaining time for effects",
          "status": "passed",
          "title": "should track remaining time for effects",
          "duration": 0.49260000000003856,
          "failureMessages": [],
          "meta": {}
        },
        {
          "ancestorTitles": ["BuffManager", "pause and resume"],
          "fullName": "BuffManager pause and resume should pause effect timers",
          "status": "passed",
          "title": "should pause effect timers",
          "duration": 0.6438000000000557,
          "failureMessages": [],
          "meta": {}
        },
        {
          "ancestorTitles": ["BuffManager", "pause and resume"],
          "fullName": "BuffManager pause and resume should freeze remaining time when paused",
          "status": "passed",
          "title": "should freeze remaining time when paused",
          "duration": 0.7870999999997821,
          "failureMessages": [],
          "meta": {}
        },
        {
          "ancestorTitles": ["BuffManager", "pause and resume"],
          "fullName": "BuffManager pause and resume should not expire effects while paused",
          "status": "passed",
          "title": "should not expire effects while paused",
          "duration": 0.4110000000000582,
          "failureMessages": [],
          "meta": {}
        },
        {
          "ancestorTitles": ["BuffManager", "pause and resume"],
          "fullName": "BuffManager pause and resume should resume and continue countdown",
          "status": "passed",
          "title": "should resume and continue countdown",
          "duration": 0.7701000000001841,
          "failureMessages": [],
          "meta": {}
        },
        {
          "ancestorTitles": ["BuffManager", "pause and resume"],
          "fullName": "BuffManager pause and resume should not affect permanent effects on pause/resume",
          "status": "passed",
          "title": "should not affect permanent effects on pause/resume",
          "duration": 0.5237999999999374,
          "failureMessages": [],
          "meta": {}
        },
        {
          "ancestorTitles": ["Individual Decorators"],
          "fullName": "Individual Decorators RageModeDecorator should have correct metadata",
          "status": "passed",
          "title": "RageModeDecorator should have correct metadata",
          "duration": 0.2961999999999989,
          "failureMessages": [],
          "meta": {}
        },
        {
          "ancestorTitles": ["Individual Decorators"],
          "fullName": "Individual Decorators DiamondHandsDecorator should be permanent",
          "status": "passed",
          "title": "DiamondHandsDecorator should be permanent",
          "duration": 0.16609999999991487,
          "failureMessages": [],
          "meta": {}
        }
      ],
      "startTime": 1768218135518,
      "endTime": 1768218135544.2961,
      "status": "passed",
      "message": "",
      "name": "D:/crypto-cyber-survivors/tests/BuffManager.test.ts"
    },
    {
      "assertionResults": [
        {
          "ancestorTitles": ["CardSystem", "rollTier"],
          "fullName": "CardSystem rollTier should only return common tier at level 1",
          "status": "passed",
          "title": "should only return common tier at level 1",
          "duration": 2.782600000000002,
          "failureMessages": [],
          "meta": {}
        },
        {
          "ancestorTitles": ["CardSystem", "rollTier"],
          "fullName": "CardSystem rollTier should only return common tier at level 2",
          "status": "passed",
          "title": "should only return common tier at level 2",
          "duration": 1.2980000000000018,
          "failureMessages": [],
          "meta": {}
        },
        {
          "ancestorTitles": ["CardSystem", "rollTier"],
          "fullName": "CardSystem rollTier should allow rare tier at level 3+",
          "status": "passed",
          "title": "should allow rare tier at level 3+",
          "duration": 0.3705999999999676,
          "failureMessages": [],
          "meta": {}
        },
        {
          "ancestorTitles": ["CardSystem", "rollTier"],
          "fullName": "CardSystem rollTier should allow epic tier at level 6+",
          "status": "passed",
          "title": "should allow epic tier at level 6+",
          "duration": 0.3546000000001186,
          "failureMessages": [],
          "meta": {}
        },
        {
          "ancestorTitles": ["CardSystem", "rollTier"],
          "fullName": "CardSystem rollTier should allow legendary tier at level 10+",
          "status": "passed",
          "title": "should allow legendary tier at level 10+",
          "duration": 0.6990000000000691,
          "failureMessages": [],
          "meta": {}
        },
        {
          "ancestorTitles": ["CardSystem", "rollTier"],
          "fullName": "CardSystem rollTier should not allow legendary tier before level 10",
          "status": "passed",
          "title": "should not allow legendary tier before level 10",
          "duration": 4.267100000000028,
          "failureMessages": [],
          "meta": {}
        },
        {
          "ancestorTitles": ["CardSystem", "generateChoices"],
          "fullName": "CardSystem generateChoices should return exactly 3 cards",
          "status": "passed",
          "title": "should return exactly 3 cards",
          "duration": 1.1769999999999072,
          "failureMessages": [],
          "meta": {}
        },
        {
          "ancestorTitles": ["CardSystem", "generateChoices"],
          "fullName": "CardSystem generateChoices should return unique cards (no duplicates)",
          "status": "passed",
          "title": "should return unique cards (no duplicates)",
          "duration": 0.23640000000000327,
          "failureMessages": [],
          "meta": {}
        },
        {
          "ancestorTitles": ["CardSystem", "generateChoices"],
          "fullName": "CardSystem generateChoices should return cards sorted by tier (legendary first)",
          "status": "passed",
          "title": "should return cards sorted by tier (legendary first)",
          "duration": 0.9558999999999287,
          "failureMessages": [],
          "meta": {}
        },
        {
          "ancestorTitles": ["CardSystem", "generateChoices"],
          "fullName": "CardSystem generateChoices should only return common cards at level 1",
          "status": "passed",
          "title": "should only return common cards at level 1",
          "duration": 0.6510000000000673,
          "failureMessages": [],
          "meta": {}
        },
        {
          "ancestorTitles": ["CardSystem", "getRandomCardFromTier"],
          "fullName": "CardSystem getRandomCardFromTier should return a card from the specified tier",
          "status": "passed",
          "title": "should return a card from the specified tier",
          "duration": 0.12910000000010768,
          "failureMessages": [],
          "meta": {}
        },
        {
          "ancestorTitles": ["CardSystem", "getRandomCardFromTier"],
          "fullName": "CardSystem getRandomCardFromTier should return different cards on multiple calls",
          "status": "passed",
          "title": "should return different cards on multiple calls",
          "duration": 0.14959999999996398,
          "failureMessages": [],
          "meta": {}
        },
        {
          "ancestorTitles": ["CardSystem", "card effects"],
          "fullName": "CardSystem card effects should apply every card effect without error",
          "status": "passed",
          "title": "should apply every card effect without error",
          "duration": 4.837400000000116,
          "failureMessages": [],
          "meta": {}
        },
        {
          "ancestorTitles": ["CardSystem", "card effects"],
          "fullName": "CardSystem card effects should modify specific stats for known card types",
          "status": "passed",
          "title": "should modify specific stats for known card types",
          "duration": 0.5284999999998945,
          "failureMessages": [],
          "meta": {}
        },
        {
          "ancestorTitles": ["CardSystem", "card effects"],
          "fullName": "CardSystem card effects should increase hp when maxHp increases via card",
          "status": "passed",
          "title": "should increase hp when maxHp increases via card",
          "duration": 0.2644999999999982,
          "failureMessages": [],
          "meta": {}
        },
        {
          "ancestorTitles": ["CardSystem", "card effects"],
          "fullName": "CardSystem card effects should have modifiers or effect for all cards",
          "status": "passed",
          "title": "should have modifiers or effect for all cards",
          "duration": 0.8353000000001884,
          "failureMessages": [],
          "meta": {}
        },
        {
          "ancestorTitles": ["CardSystem", "Utilities"],
          "fullName": "CardSystem Utilities should return correct tier config",
          "status": "passed",
          "title": "should return correct tier config",
          "duration": 0.2626000000000204,
          "failureMessages": [],
          "meta": {}
        },
        {
          "ancestorTitles": ["CardSystem", "Utilities"],
          "fullName": "CardSystem Utilities should return all available tiers",
          "status": "passed",
          "title": "should return all available tiers",
          "duration": 1.0244000000000142,
          "failureMessages": [],
          "meta": {}
        }
      ],
      "startTime": 1768218136065,
      "endTime": 1768218136087.0244,
      "status": "passed",
      "message": "",
      "name": "D:/crypto-cyber-survivors/tests/CardSystem.test.ts"
    },
    {
      "assertionResults": [
        {
          "ancestorTitles": ["CheatManager"],
          "fullName": "CheatManager should be a singleton",
          "status": "passed",
          "title": "should be a singleton",
          "duration": 3.1039999999998145,
          "failureMessages": [],
          "meta": {}
        },
        {
          "ancestorTitles": ["CheatManager"],
          "fullName": "CheatManager should handle \"L\" key for level up",
          "status": "passed",
          "title": "should handle \"L\" key for level up",
          "duration": 66.89779999999996,
          "failureMessages": [],
          "meta": {}
        },
        {
          "ancestorTitles": ["CheatManager"],
          "fullName": "CheatManager should handle \"H\" key for heal",
          "status": "passed",
          "title": "should handle \"H\" key for heal",
          "duration": 2.712600000000066,
          "failureMessages": [],
          "meta": {}
        },
        {
          "ancestorTitles": ["CheatManager"],
          "fullName": "CheatManager should handle \"K\" key for kill all",
          "status": "passed",
          "title": "should handle \"K\" key for kill all",
          "duration": 5.1702999999999975,
          "failureMessages": [],
          "meta": {}
        },
        {
          "ancestorTitles": ["CheatManager"],
          "fullName": "CheatManager should handle \"G\" key for god mode toggle",
          "status": "passed",
          "title": "should handle \"G\" key for god mode toggle",
          "duration": 4.574499999999944,
          "failureMessages": [],
          "meta": {}
        },
        {
          "ancestorTitles": ["CheatManager"],
          "fullName": "CheatManager should handle \"1\" key for forced crit toggle",
          "status": "passed",
          "title": "should handle \"1\" key for forced crit toggle",
          "duration": 2.016399999999976,
          "failureMessages": [],
          "meta": {}
        },
        {
          "ancestorTitles": ["CheatManager"],
          "fullName": "CheatManager should handle \"2\" key for forced super crit toggle",
          "status": "passed",
          "title": "should handle \"2\" key for forced super crit toggle",
          "duration": 2.083900000000085,
          "failureMessages": [],
          "meta": {}
        },
        {
          "ancestorTitles": ["CheatManager"],
          "fullName": "CheatManager should handle \"3\" key for normal firing mode",
          "status": "passed",
          "title": "should handle \"3\" key for normal firing mode",
          "duration": 2.7805000000000746,
          "failureMessages": [],
          "meta": {}
        },
        {
          "ancestorTitles": ["CheatManager"],
          "fullName": "CheatManager should handle luck keys \"4\", \"5\"",
          "status": "passed",
          "title": "should handle luck keys \"4\", \"5\"",
          "duration": 2.75649999999996,
          "failureMessages": [],
          "meta": {}
        },
        {
          "ancestorTitles": ["CheatManager"],
          "fullName": "CheatManager should handle \"X\" key for add exp",
          "status": "passed",
          "title": "should handle \"X\" key for add exp",
          "duration": 2.0792999999998756,
          "failureMessages": [],
          "meta": {}
        },
        {
          "ancestorTitles": ["CheatManager"],
          "fullName": "CheatManager should handle \"R\" key for restart",
          "status": "passed",
          "title": "should handle \"R\" key for restart",
          "duration": 1.517799999999852,
          "failureMessages": [],
          "meta": {}
        },
        {
          "ancestorTitles": ["CheatManager"],
          "fullName": "CheatManager should handle \"C\" key for combo kill",
          "status": "passed",
          "title": "should handle \"C\" key for combo kill",
          "duration": 1.8811000000000604,
          "failureMessages": [],
          "meta": {}
        },
        {
          "ancestorTitles": ["CheatManager"],
          "fullName": "CheatManager should handle word cheats like \"moon\"",
          "status": "passed",
          "title": "should handle word cheats like \"moon\"",
          "duration": 4.01929999999993,
          "failureMessages": [],
          "meta": {}
        },
        {
          "ancestorTitles": ["CheatManager"],
          "fullName": "CheatManager should handle word cheats like \"ape\"",
          "status": "passed",
          "title": "should handle word cheats like \"ape\"",
          "duration": 1.7577000000001135,
          "failureMessages": [],
          "meta": {}
        },
        {
          "ancestorTitles": ["CheatManager"],
          "fullName": "CheatManager should handle word cheats like \"rekt\"",
          "status": "passed",
          "title": "should handle word cheats like \"rekt\"",
          "duration": 17.811999999999898,
          "failureMessages": [],
          "meta": {}
        },
        {
          "ancestorTitles": ["CheatManager"],
          "fullName": "CheatManager should not trigger cheats when disabled",
          "status": "passed",
          "title": "should not trigger cheats when disabled",
          "duration": 0.3834999999999127,
          "failureMessages": [],
          "meta": {}
        },
        {
          "ancestorTitles": ["CheatManager"],
          "fullName": "CheatManager should ignore input elements",
          "status": "passed",
          "title": "should ignore input elements",
          "duration": 4.621000000000095,
          "failureMessages": [],
          "meta": {}
        },
        {
          "ancestorTitles": ["CheatManager"],
          "fullName": "CheatManager should turn off forced crit when super crit is enabled",
          "status": "passed",
          "title": "should turn off forced crit when super crit is enabled",
          "duration": 4.657200000000103,
          "failureMessages": [],
          "meta": {}
        },
        {
          "ancestorTitles": ["CheatManager"],
          "fullName": "CheatManager should turn off super crit when normal crit is enabled",
          "status": "passed",
          "title": "should turn off super crit when normal crit is enabled",
          "duration": 4.370899999999892,
          "failureMessages": [],
          "meta": {}
        }
      ],
      "startTime": 1768218131864,
      "endTime": 1768218131999.3708,
      "status": "passed",
      "message": "",
      "name": "D:/crypto-cyber-survivors/tests/CheatManager.test.ts"
    },
    {
      "assertionResults": [
        {
          "ancestorTitles": ["CombatResolutionService", "handleEnemyDeath"],
          "fullName": "CombatResolutionService handleEnemyDeath should trigger death state and animations",
          "status": "passed",
          "title": "should trigger death state and animations",
          "duration": 5.764099999999871,
          "failureMessages": [],
          "meta": {}
        },
        {
          "ancestorTitles": ["CombatResolutionService", "handleEnemyDeath"],
          "fullName": "CombatResolutionService handleEnemyDeath should spawn death particles based on crit status",
          "status": "passed",
          "title": "should spawn death particles based on crit status",
          "duration": 0.5973000000001321,
          "failureMessages": [],
          "meta": {}
        },
        {
          "ancestorTitles": ["CombatResolutionService", "processLifesteal"],
          "fullName": "CombatResolutionService processLifesteal should heal player on successful roll",
          "status": "passed",
          "title": "should heal player on successful roll",
          "duration": 2.5447999999998956,
          "failureMessages": [],
          "meta": {}
        },
        {
          "ancestorTitles": ["CombatResolutionService", "processLifesteal"],
          "fullName": "CombatResolutionService processLifesteal should not exceed max HP",
          "status": "passed",
          "title": "should not exceed max HP",
          "duration": 0.6858999999999469,
          "failureMessages": [],
          "meta": {}
        },
        {
          "ancestorTitles": ["CombatResolutionService", "processLifesteal"],
          "fullName": "CombatResolutionService processLifesteal should heal more on whale kill",
          "status": "passed",
          "title": "should heal more on whale kill",
          "duration": 0.8406999999999698,
          "failureMessages": [],
          "meta": {}
        },
        {
          "ancestorTitles": ["CombatResolutionService", "processLifesteal"],
          "fullName": "CombatResolutionService processLifesteal should use BuffManager stats if available",
          "status": "passed",
          "title": "should use BuffManager stats if available",
          "duration": 0.5596999999997934,
          "failureMessages": [],
          "meta": {}
        },
        {
          "ancestorTitles": ["CombatResolutionService", "spawnGemForEnemy"],
          "fullName": "CombatResolutionService spawnGemForEnemy should spawn a gem at enemy location",
          "status": "passed",
          "title": "should spawn a gem at enemy location",
          "duration": 0.6123000000000047,
          "failureMessages": [],
          "meta": {}
        },
        {
          "ancestorTitles": ["CombatResolutionService", "spawnGemForEnemy"],
          "fullName": "CombatResolutionService spawnGemForEnemy should spawn rare gems when lucky",
          "status": "passed",
          "title": "should spawn rare gems when lucky",
          "duration": 0.4601000000000113,
          "failureMessages": [],
          "meta": {}
        },
        {
          "ancestorTitles": ["CombatResolutionService", "spawnGemForEnemy"],
          "fullName": "CombatResolutionService spawnGemForEnemy should spawn bonus gems when lucky",
          "status": "passed",
          "title": "should spawn bonus gems when lucky",
          "duration": 0.6701000000000477,
          "failureMessages": [],
          "meta": {}
        },
        {
          "ancestorTitles": ["CombatResolutionService", "spawnGemForEnemy"],
          "fullName": "CombatResolutionService spawnGemForEnemy should respect luck cap",
          "status": "passed",
          "title": "should respect luck cap",
          "duration": 1.1963000000000648,
          "failureMessages": [],
          "meta": {}
        },
        {
          "ancestorTitles": ["CombatResolutionService", "spawnGemForEnemy"],
          "fullName": "CombatResolutionService spawnGemForEnemy should apply leverage multiplier to gem value",
          "status": "passed",
          "title": "should apply leverage multiplier to gem value",
          "duration": 0.3104000000000724,
          "failureMessages": [],
          "meta": {}
        },
        {
          "ancestorTitles": ["CombatResolutionService", "triggerShockwave"],
          "fullName": "CombatResolutionService triggerShockwave should push active enemies based on intensity",
          "status": "passed",
          "title": "should push active enemies based on intensity",
          "duration": 0.8175999999998567,
          "failureMessages": [],
          "meta": {}
        }
      ],
      "startTime": 1768218138471,
      "endTime": 1768218138486.8176,
      "status": "passed",
      "message": "",
      "name": "D:/crypto-cyber-survivors/tests/CombatResolutionService.test.ts"
    },
    {
      "assertionResults": [
        {
          "ancestorTitles": ["CombatSystem", "processAutoFire"],
          "fullName": "CombatSystem processAutoFire should not fire when no enemies exist",
          "status": "passed",
          "title": "should not fire when no enemies exist",
          "duration": 2.5814000000000306,
          "failureMessages": [],
          "meta": {}
        },
        {
          "ancestorTitles": ["CombatSystem", "processAutoFire"],
          "fullName": "CombatSystem processAutoFire should not fire when fire rate cooldown is active",
          "status": "passed",
          "title": "should not fire when fire rate cooldown is active",
          "duration": 0.7197000000001026,
          "failureMessages": [],
          "meta": {}
        },
        {
          "ancestorTitles": ["CombatSystem", "processAutoFire"],
          "fullName": "CombatSystem processAutoFire should fire when cooldown has passed and enemy exists",
          "status": "passed",
          "title": "should fire when cooldown has passed and enemy exists",
          "duration": 1.3037999999999101,
          "failureMessages": [],
          "meta": {}
        },
        {
          "ancestorTitles": ["CombatSystem", "processAutoFire"],
          "fullName": "CombatSystem processAutoFire should use decorated fire rate if BuffManager is initialized",
          "status": "passed",
          "title": "should use decorated fire rate if BuffManager is initialized",
          "duration": 0.6721999999999753,
          "failureMessages": [],
          "meta": {}
        },
        {
          "ancestorTitles": ["CombatSystem", "processAutoFire"],
          "fullName": "CombatSystem processAutoFire should reset fireTimer when firing",
          "status": "passed",
          "title": "should reset fireTimer when firing",
          "duration": 0.4395000000001801,
          "failureMessages": [],
          "meta": {}
        },
        {
          "ancestorTitles": ["CombatSystem", "processAutoFire"],
          "fullName": "CombatSystem processAutoFire should fire multiple projectiles when player has projectiles > 1",
          "status": "passed",
          "title": "should fire multiple projectiles when player has projectiles > 1",
          "duration": 0.6470999999999094,
          "failureMessages": [],
          "meta": {}
        },
        {
          "ancestorTitles": ["CombatSystem", "targeting"],
          "fullName": "CombatSystem targeting should target the nearest enemy",
          "status": "passed",
          "title": "should target the nearest enemy",
          "duration": 0.5663999999999305,
          "failureMessages": [],
          "meta": {}
        },
        {
          "ancestorTitles": ["CombatSystem", "targeting"],
          "fullName": "CombatSystem targeting should not target off-screen enemies when screen dimensions provided",
          "status": "passed",
          "title": "should not target off-screen enemies when screen dimensions provided",
          "duration": 0.3687999999999647,
          "failureMessages": [],
          "meta": {}
        },
        {
          "ancestorTitles": ["CombatSystem", "targeting"],
          "fullName": "CombatSystem targeting should target on-screen enemy when screen dimensions provided",
          "status": "passed",
          "title": "should target on-screen enemy when screen dimensions provided",
          "duration": 0.4148999999999887,
          "failureMessages": [],
          "meta": {}
        },
        {
          "ancestorTitles": ["CombatSystem", "targeting"],
          "fullName": "CombatSystem targeting should skip off-screen enemies and target on-screen one",
          "status": "passed",
          "title": "should skip off-screen enemies and target on-screen one",
          "duration": 0.43810000000007676,
          "failureMessages": [],
          "meta": {}
        },
        {
          "ancestorTitles": ["CombatSystem", "damage calculation"],
          "fullName": "CombatSystem damage calculation should use decorated damage for normal shots",
          "status": "passed",
          "title": "should use decorated damage for normal shots",
          "duration": 0.4295999999999367,
          "failureMessages": [],
          "meta": {}
        },
        {
          "ancestorTitles": ["CombatSystem", "damage calculation"],
          "fullName": "CombatSystem damage calculation should apply decorated area to bullet radius",
          "status": "passed",
          "title": "should apply decorated area to bullet radius",
          "duration": 0.4095999999999549,
          "failureMessages": [],
          "meta": {}
        },
        {
          "ancestorTitles": ["CombatSystem", "bullet spawning"],
          "fullName": "CombatSystem bullet spawning should spawn bullet at player position",
          "status": "passed",
          "title": "should spawn bullet at player position",
          "duration": 0.40069999999991524,
          "failureMessages": [],
          "meta": {}
        },
        {
          "ancestorTitles": ["CombatSystem", "bullet spawning"],
          "fullName": "CombatSystem bullet spawning should spread projectiles when firing multiple",
          "status": "passed",
          "title": "should spread projectiles when firing multiple",
          "duration": 1.3828000000000884,
          "failureMessages": [],
          "meta": {}
        },
        {
          "ancestorTitles": ["CombatSystem", "crit behavior"],
          "fullName": "CombatSystem crit behavior should pass crit flags to bullet",
          "status": "passed",
          "title": "should pass crit flags to bullet",
          "duration": 0.4800999999999931,
          "failureMessages": [],
          "meta": {}
        }
      ],
      "startTime": 1768218141383,
      "endTime": 1768218141395.48,
      "status": "passed",
      "message": "",
      "name": "D:/crypto-cyber-survivors/tests/CombatSystem.test.ts"
    },
    {
      "assertionResults": [
        {
          "ancestorTitles": ["ComboSystem"],
          "fullName": "ComboSystem should increment kill streak on enemyKilled event",
          "status": "passed",
          "title": "should increment kill streak on enemyKilled event",
          "duration": 2.95920000000001,
          "failureMessages": [],
          "meta": {}
        },
        {
          "ancestorTitles": ["ComboSystem"],
          "fullName": "ComboSystem should calculate multiplier based on milestones",
          "status": "passed",
          "title": "should calculate multiplier based on milestones",
          "duration": 0.7313999999998941,
          "failureMessages": [],
          "meta": {}
        },
        {
          "ancestorTitles": ["ComboSystem"],
          "fullName": "ComboSystem should reset combo after timeout",
          "status": "passed",
          "title": "should reset combo after timeout",
          "duration": 0.6820000000000164,
          "failureMessages": [],
          "meta": {}
        },
        {
          "ancestorTitles": ["ComboSystem"],
          "fullName": "ComboSystem should return correct time remaining",
          "status": "passed",
          "title": "should return correct time remaining",
          "duration": 0.5651000000000295,
          "failureMessages": [],
          "meta": {}
        },
        {
          "ancestorTitles": ["ComboSystem"],
          "fullName": "ComboSystem should track max streak",
          "status": "passed",
          "title": "should track max streak",
          "duration": 0.46319999999991524,
          "failureMessages": [],
          "meta": {}
        }
      ],
      "startTime": 1768218146300,
      "endTime": 1768218146305.4631,
      "status": "passed",
      "message": "",
      "name": "D:/crypto-cyber-survivors/tests/ComboSystem.test.ts"
    },
    {
      "assertionResults": [
        {
          "ancestorTitles": ["DebugService"],
          "fullName": "DebugService should be a singleton",
          "status": "passed",
          "title": "should be a singleton",
          "duration": 1.7805000000000746,
          "failureMessages": [],
          "meta": {}
        },
        {
          "ancestorTitles": ["DebugService"],
          "fullName": "DebugService should capture a snapshot",
          "status": "passed",
          "title": "should capture a snapshot",
          "duration": 1.3494000000000597,
          "failureMessages": [],
          "meta": {}
        },
        {
          "ancestorTitles": ["DebugService"],
          "fullName": "DebugService should log messages",
          "status": "passed",
          "title": "should log messages",
          "duration": 1.8626999999999043,
          "failureMessages": [],
          "meta": {}
        },
        {
          "ancestorTitles": ["DebugService"],
          "fullName": "DebugService should manage log size",
          "status": "passed",
          "title": "should manage log size",
          "duration": 6.351800000000139,
          "failureMessages": [],
          "meta": {}
        },
        {
          "ancestorTitles": ["DebugService"],
          "fullName": "DebugService should expose global access on window",
          "status": "passed",
          "title": "should expose global access on window",
          "duration": 0.5018999999999778,
          "failureMessages": [],
          "meta": {}
        },
        {
          "ancestorTitles": ["DebugService"],
          "fullName": "DebugService should handle exportSnapshot",
          "status": "passed",
          "title": "should handle exportSnapshot",
          "duration": 4.462600000000066,
          "failureMessages": [],
          "meta": {}
        }
      ],
      "startTime": 1768218139364,
      "endTime": 1768218139380.4626,
      "status": "passed",
      "message": "",
      "name": "D:/crypto-cyber-survivors/tests/DebugService.test.ts"
    },
    {
      "assertionResults": [
        {
          "ancestorTitles": ["DifficultyManager"],
          "fullName": "DifficultyManager should be a singleton",
          "status": "passed",
          "title": "should be a singleton",
          "duration": 1.7338999999999487,
          "failureMessages": [],
          "meta": {}
        },
        {
          "ancestorTitles": ["DifficultyManager"],
          "fullName": "DifficultyManager should calculate initial difficulty",
          "status": "passed",
          "title": "should calculate initial difficulty",
          "duration": 2.356499999999869,
          "failureMessages": [],
          "meta": {}
        },
        {
          "ancestorTitles": ["DifficultyManager"],
          "fullName": "DifficultyManager should increase difficulty with P&L",
          "status": "passed",
          "title": "should increase difficulty with P&L",
          "duration": 0.42200000000002547,
          "failureMessages": [],
          "meta": {}
        },
        {
          "ancestorTitles": ["DifficultyManager"],
          "fullName": "DifficultyManager should decrease difficulty when winning",
          "status": "passed",
          "title": "should decrease difficulty when winning",
          "duration": 0.4377999999999247,
          "failureMessages": [],
          "meta": {}
        },
        {
          "ancestorTitles": ["DifficultyManager"],
          "fullName": "DifficultyManager should increase difficulty with volatility",
          "status": "passed",
          "title": "should increase difficulty with volatility",
          "duration": 0.3167000000000826,
          "failureMessages": [],
          "meta": {}
        },
        {
          "ancestorTitles": ["DifficultyManager"],
          "fullName": "DifficultyManager should increase difficulty with level",
          "status": "passed",
          "title": "should increase difficulty with level",
          "duration": 0.3040000000000873,
          "failureMessages": [],
          "meta": {}
        },
        {
          "ancestorTitles": ["DifficultyManager"],
          "fullName": "DifficultyManager should give mercy when near death",
          "status": "passed",
          "title": "should give mercy when near death",
          "duration": 0.34960000000000946,
          "failureMessages": [],
          "meta": {}
        },
        {
          "ancestorTitles": ["DifficultyManager"],
          "fullName": "DifficultyManager should cycle wave phases",
          "status": "passed",
          "title": "should cycle wave phases",
          "duration": 2.8218000000001666,
          "failureMessages": [],
          "meta": {}
        },
        {
          "ancestorTitles": ["DifficultyManager"],
          "fullName": "DifficultyManager should handle large time jumps (skipping phases)",
          "status": "passed",
          "title": "should handle large time jumps (skipping phases)",
          "duration": 0.9256000000000313,
          "failureMessages": [],
          "meta": {}
        },
        {
          "ancestorTitles": ["DifficultyManager", "Kill Streak Logic"],
          "fullName": "DifficultyManager Kill Streak Logic should track kill streaks",
          "status": "passed",
          "title": "should track kill streaks",
          "duration": 0.35809999999992215,
          "failureMessages": [],
          "meta": {}
        },
        {
          "ancestorTitles": ["DifficultyManager", "Kill Streak Logic"],
          "fullName": "DifficultyManager Kill Streak Logic should reset streak if too slow",
          "status": "passed",
          "title": "should reset streak if too slow",
          "duration": 0.2980000000000018,
          "failureMessages": [],
          "meta": {}
        },
        {
          "ancestorTitles": ["DifficultyManager", "Momentum Logic"],
          "fullName": "DifficultyManager Momentum Logic should increase difficulty when player performance is improving",
          "status": "passed",
          "title": "should increase difficulty when player performance is improving",
          "duration": 1.051300000000083,
          "failureMessages": [],
          "meta": {}
        },
        {
          "ancestorTitles": ["DifficultyManager", "Momentum Logic"],
          "fullName": "DifficultyManager Momentum Logic should decrease difficulty when player performance is worsening (mercy)",
          "status": "passed",
          "title": "should decrease difficulty when player performance is worsening (mercy)",
          "duration": 1.0670999999999822,
          "failureMessages": [],
          "meta": {}
        },
        {
          "ancestorTitles": ["DifficultyManager", "Extreme Factors"],
          "fullName": "DifficultyManager Extreme Factors should clamp total difficulty to maxDifficulty",
          "status": "passed",
          "title": "should clamp total difficulty to maxDifficulty",
          "duration": 0.3610999999998512,
          "failureMessages": [],
          "meta": {}
        },
        {
          "ancestorTitles": ["DifficultyManager", "Extreme Factors"],
          "fullName": "DifficultyManager Extreme Factors should respect minimum difficulty",
          "status": "passed",
          "title": "should respect minimum difficulty",
          "duration": 0.36789999999996326,
          "failureMessages": [],
          "meta": {}
        },
        {
          "ancestorTitles": ["DifficultyManager", "Cycle Scaling"],
          "fullName": "DifficultyManager Cycle Scaling should increase difficulty in subsequent cycles",
          "status": "passed",
          "title": "should increase difficulty in subsequent cycles",
          "duration": 0.471599999999853,
          "failureMessages": [],
          "meta": {}
        }
      ],
      "startTime": 1768218139226,
      "endTime": 1768218139240.4717,
      "status": "passed",
      "message": "",
      "name": "D:/crypto-cyber-survivors/tests/DifficultyManager.test.ts"
    },
    {
      "assertionResults": [
        {
          "ancestorTitles": ["DifficultyManager Momentum Logic"],
          "fullName": "DifficultyManager Momentum Logic should apply 1.1x multiplier when P&L is improving",
          "status": "passed",
          "title": "should apply 1.1x multiplier when P&L is improving",
          "duration": 3.4302999999999884,
          "failureMessages": [],
          "meta": {}
        },
        {
          "ancestorTitles": ["DifficultyManager Momentum Logic"],
          "fullName": "DifficultyManager Momentum Logic should apply 0.9x multiplier when P&L is worsening",
          "status": "passed",
          "title": "should apply 0.9x multiplier when P&L is worsening",
          "duration": 0.9571000000000822,
          "failureMessages": [],
          "meta": {}
        }
      ],
      "startTime": 1768218147713,
      "endTime": 1768218147716.957,
      "status": "passed",
      "message": "",
      "name": "D:/crypto-cyber-survivors/tests/DifficultyMomentum.test.ts"
    },
    {
      "assertionResults": [
        {
          "ancestorTitles": ["EventBus", "subscribe()"],
          "fullName": "EventBus subscribe() should register a callback for an event",
          "status": "passed",
          "title": "should register a callback for an event",
          "duration": 2.0570999999999913,
          "failureMessages": [],
          "meta": {}
        },
        {
          "ancestorTitles": ["EventBus", "subscribe()"],
          "fullName": "EventBus subscribe() should allow multiple subscribers to same event",
          "status": "passed",
          "title": "should allow multiple subscribers to same event",
          "duration": 0.36819999999988795,
          "failureMessages": [],
          "meta": {}
        },
        {
          "ancestorTitles": ["EventBus", "subscribe()"],
          "fullName": "EventBus subscribe() should return an unsubscribe function",
          "status": "passed",
          "title": "should return an unsubscribe function",
          "duration": 0.31570000000010623,
          "failureMessages": [],
          "meta": {}
        },
        {
          "ancestorTitles": ["EventBus", "subscribe()"],
          "fullName": "EventBus subscribe() should unsubscribe when returned function is called",
          "status": "passed",
          "title": "should unsubscribe when returned function is called",
          "duration": 0.35350000000016735,
          "failureMessages": [],
          "meta": {}
        },
        {
          "ancestorTitles": ["EventBus", "subscribe()"],
          "fullName": "EventBus subscribe() should allow same callback to subscribe to different events",
          "status": "passed",
          "title": "should allow same callback to subscribe to different events",
          "duration": 0.3321000000000822,
          "failureMessages": [],
          "meta": {}
        },
        {
          "ancestorTitles": ["EventBus", "on()"],
          "fullName": "EventBus on() should work as alias for subscribe",
          "status": "passed",
          "title": "should work as alias for subscribe",
          "duration": 0.23099999999999454,
          "failureMessages": [],
          "meta": {}
        },
        {
          "ancestorTitles": ["EventBus", "on()"],
          "fullName": "EventBus on() should return unsubscribe function like subscribe",
          "status": "passed",
          "title": "should return unsubscribe function like subscribe",
          "duration": 0.20409999999992579,
          "failureMessages": [],
          "meta": {}
        },
        {
          "ancestorTitles": ["EventBus", "emit()", "basic emission"],
          "fullName": "EventBus emit() basic emission should call subscriber callback when event is emitted",
          "status": "passed",
          "title": "should call subscriber callback when event is emitted",
          "duration": 2.170699999999897,
          "failureMessages": [],
          "meta": {}
        },
        {
          "ancestorTitles": ["EventBus", "emit()", "basic emission"],
          "fullName": "EventBus emit() basic emission should call all subscribers for an event",
          "status": "passed",
          "title": "should call all subscribers for an event",
          "duration": 0.6712999999999738,
          "failureMessages": [],
          "meta": {}
        },
        {
          "ancestorTitles": ["EventBus", "emit()", "basic emission"],
          "fullName": "EventBus emit() basic emission should pass correct event data to callback",
          "status": "passed",
          "title": "should pass correct event data to callback",
          "duration": 0.4996000000001004,
          "failureMessages": [],
          "meta": {}
        },
        {
          "ancestorTitles": ["EventBus", "emit()", "basic emission"],
          "fullName": "EventBus emit() basic emission should not call subscribers of different events",
          "status": "passed",
          "title": "should not call subscribers of different events",
          "duration": 0.40609999999992397,
          "failureMessages": [],
          "meta": {}
        },
        {
          "ancestorTitles": ["EventBus", "emit()", "with no subscribers"],
          "fullName": "EventBus emit() with no subscribers should not throw when emitting event with no subscribers",
          "status": "passed",
          "title": "should not throw when emitting event with no subscribers",
          "duration": 0.8624999999999545,
          "failureMessages": [],
          "meta": {}
        },
        {
          "ancestorTitles": ["EventBus", "emit()", "with no subscribers"],
          "fullName": "EventBus emit() with no subscribers should not throw for unregistered event types",
          "status": "passed",
          "title": "should not throw for unregistered event types",
          "duration": 0.2781999999999698,
          "failureMessages": [],
          "meta": {}
        },
        {
          "ancestorTitles": ["EventBus", "emit()", "type-safe payloads"],
          "fullName": "EventBus emit() type-safe payloads should emit critHit with correct payload",
          "status": "passed",
          "title": "should emit critHit with correct payload",
          "duration": 2.1961999999998625,
          "failureMessages": [],
          "meta": {}
        },
        {
          "ancestorTitles": ["EventBus", "emit()", "type-safe payloads"],
          "fullName": "EventBus emit() type-safe payloads should emit playerHit with correct payload",
          "status": "passed",
          "title": "should emit playerHit with correct payload",
          "duration": 0.3246000000001459,
          "failureMessages": [],
          "meta": {}
        },
        {
          "ancestorTitles": ["EventBus", "emit()", "type-safe payloads"],
          "fullName": "EventBus emit() type-safe payloads should emit comboUpdate with correct payload",
          "status": "passed",
          "title": "should emit comboUpdate with correct payload",
          "duration": 0.282399999999825,
[...]
          "duration": 2.0814000000000306,
          "failureMessages": [],
          "meta": {}
        },
        {
          "ancestorTitles": ["LootboxDropCalculator", "calculateDrop"],
          "fullName": "LootboxDropCalculator calculateDrop should correctly handle coin amount randomization",
          "status": "passed",
          "title": "should correctly handle coin amount randomization",
          "duration": 1.2186999999998989,
          "failureMessages": [],
          "meta": {}
        },
        {
          "ancestorTitles": ["LootboxDropCalculator", "Weighted Selection"],
          "fullName": "LootboxDropCalculator Weighted Selection should result in high percentage of coins for common boxes",
          "status": "passed",
          "title": "should result in high percentage of coins for common boxes",
          "duration": 2.294200000000046,
          "failureMessages": [],
          "meta": {}
        },
        {
          "ancestorTitles": ["LootboxDropCalculator", "Weighted Selection"],
          "fullName": "LootboxDropCalculator Weighted Selection should result in high percentage of skins for legendary boxes",
          "status": "passed",
          "title": "should result in high percentage of skins for legendary boxes",
          "duration": 2.4087999999999283,
          "failureMessages": [],
          "meta": {}
        },
        {
          "ancestorTitles": ["LootboxDropCalculator", "calculateMultipleDrops"],
          "fullName": "LootboxDropCalculator calculateMultipleDrops should return the requested number of drops",
          "status": "passed",
          "title": "should return the requested number of drops",
          "duration": 0.38560000000006767,
          "failureMessages": [],
          "meta": {}
        }
      ],
      "startTime": 1768218145610,
      "endTime": 1768218145618.4087,
      "status": "passed",
      "message": "",
      "name": "D:/crypto-cyber-survivors/tests/services/lootbox/LootboxDropCalculator.test.ts"
    },
    {
      "assertionResults": [
        {
          "ancestorTitles": ["LootboxService", "Player Context"],
          "fullName": "LootboxService Player Context should set and get the current player ID",
          "status": "passed",
          "title": "should set and get the current player ID",
          "duration": 3.1574000000000524,
          "failureMessages": [],
          "meta": {}
        },
        {
          "ancestorTitles": ["LootboxService", "Earning Lootboxes"],
          "fullName": "LootboxService Earning Lootboxes should award a lootbox to the current player",
          "status": "passed",
          "title": "should award a lootbox to the current player",
          "duration": 1.3229999999998654,
          "failureMessages": [],
          "meta": {}
        },
        {
          "ancestorTitles": ["LootboxService", "Earning Lootboxes"],
          "fullName": "LootboxService Earning Lootboxes should emit lootboxEarned event when earning a box",
          "status": "passed",
          "title": "should emit lootboxEarned event when earning a box",
          "duration": 4.313200000000052,
          "failureMessages": [],
          "meta": {}
        },
        {
          "ancestorTitles": ["LootboxService", "Earning Lootboxes"],
          "fullName": "LootboxService Earning Lootboxes should award cycle rewards based on cycle number",
          "status": "passed",
          "title": "should award cycle rewards based on cycle number",
          "duration": 1.186100000000124,
          "failureMessages": [],
          "meta": {}
        },
        {
          "ancestorTitles": ["LootboxService", "Earning Lootboxes"],
          "fullName": "LootboxService Earning Lootboxes should handle wave milestones based on interval and chance",
          "status": "passed",
          "title": "should handle wave milestones based on interval and chance",
          "duration": 0.827199999999948,
          "failureMessages": [],
          "meta": {}
        },
        {
          "ancestorTitles": ["LootboxService", "Earning Lootboxes"],
          "fullName": "LootboxService Earning Lootboxes should handle kill streak rewards ensuring once per milestone",
          "status": "passed",
          "title": "should handle kill streak rewards ensuring once per milestone",
          "duration": 0.6891000000000531,
          "failureMessages": [],
          "meta": {}
        },
        {
          "ancestorTitles": ["LootboxService", "Opening Lootboxes"],
          "fullName": "LootboxService Opening Lootboxes should open a lootbox and return result",
          "status": "passed",
          "title": "should open a lootbox and return result",
          "duration": 1.19399999999996,
          "failureMessages": [],
          "meta": {}
        },
        {
          "ancestorTitles": ["LootboxService", "Opening Lootboxes"],
          "fullName": "LootboxService Opening Lootboxes should emit opening and opened events",
          "status": "passed",
          "title": "should emit opening and opened events",
          "duration": 1.294300000000021,
          "failureMessages": [],
          "meta": {}
        },
        {
          "ancestorTitles": ["LootboxService", "Opening Lootboxes"],
          "fullName": "LootboxService Opening Lootboxes should open all boxes of a specific type",
          "status": "passed",
          "title": "should open all boxes of a specific type",
          "duration": 0.9378999999998996,
          "failureMessages": [],
          "meta": {}
        },
        {
          "ancestorTitles": ["LootboxService", "Inventory Queries"],
          "fullName": "LootboxService Inventory Queries should return correct unopened counts by rarity",
          "status": "passed",
          "title": "should return correct unopened counts by rarity",
          "duration": 1.248199999999997,
          "failureMessages": [],
          "meta": {}
        },
        {
          "ancestorTitles": ["LootboxService", "Drop Processing"],
          "fullName": "LootboxService Drop Processing should emit xpGained for coin drops",
          "status": "passed",
          "title": "should emit xpGained for coin drops",
          "duration": 1.678899999999885,
          "failureMessages": [],
          "meta": {}
        },
        {
          "ancestorTitles": ["LootboxService", "Drop Processing"],
          "fullName": "LootboxService Drop Processing should emit inventoryItemAdded for consumables",
          "status": "passed",
          "title": "should emit inventoryItemAdded for consumables",
          "duration": 0.7309999999999945,
          "failureMessages": [],
          "meta": {}
        }
      ],
      "startTime": 1768218137400,
      "endTime": 1768218137418.731,
      "status": "passed",
      "message": "",
      "name": "D:/crypto-cyber-survivors/tests/services/lootbox/LootboxService.test.ts"
    },
    {
      "assertionResults": [
        {
          "ancestorTitles": ["MetricsAnalyzer"],
          "fullName": "MetricsAnalyzer should calculate bitcoin insights",
          "status": "passed",
          "title": "should calculate bitcoin insights",
          "duration": 2.4110999999998057,
          "failureMessages": [],
          "meta": {}
        },
        {
          "ancestorTitles": ["MetricsAnalyzer"],
          "fullName": "MetricsAnalyzer should calculate difficulty insights",
          "status": "passed",
          "title": "should calculate difficulty insights",
          "duration": 0.7166999999999462,
          "failureMessages": [],
          "meta": {}
        },
        {
          "ancestorTitles": ["MetricsAnalyzer"],
          "fullName": "MetricsAnalyzer should calculate player experience insights",
          "status": "passed",
          "title": "should calculate player experience insights",
          "duration": 0.7415000000000873,
          "failureMessages": [],
          "meta": {}
        },
        {
          "ancestorTitles": ["MetricsAnalyzer"],
          "fullName": "MetricsAnalyzer should generate recommendations",
          "status": "passed",
          "title": "should generate recommendations",
          "duration": 0.7880000000000109,
          "failureMessages": [],
          "meta": {}
        },
        {
          "ancestorTitles": ["MetricsAnalyzer"],
          "fullName": "MetricsAnalyzer should detect when LONG is much better than SHORT",
          "status": "passed",
          "title": "should detect when LONG is much better than SHORT",
          "duration": 0.6084999999998217,
          "failureMessages": [],
          "meta": {}
        }
      ],
      "startTime": 1768218147029,
      "endTime": 1768218147034.6084,
      "status": "passed",
      "message": "",
      "name": "D:/crypto-cyber-survivors/tests/services/metrics/MetricsAnalyzer.test.ts"
    },
    {
      "assertionResults": [
        {
          "ancestorTitles": ["MetricsCompiler"],
          "fullName": "MetricsCompiler should compile bitcoin metrics",
          "status": "passed",
          "title": "should compile bitcoin metrics",
          "duration": 1.9122999999999593,
          "failureMessages": [],
          "meta": {}
        },
        {
          "ancestorTitles": ["MetricsCompiler"],
          "fullName": "MetricsCompiler should compile difficulty metrics",
          "status": "passed",
          "title": "should compile difficulty metrics",
          "duration": 0.452199999999948,
          "failureMessages": [],
          "meta": {}
        },
        {
          "ancestorTitles": ["MetricsCompiler"],
          "fullName": "MetricsCompiler should compile player metrics",
          "status": "passed",
          "title": "should compile player metrics",
          "duration": 0.33029999999985193,
          "failureMessages": [],
          "meta": {}
        },
        {
          "ancestorTitles": ["MetricsCompiler"],
          "fullName": "MetricsCompiler should compile combo metrics",
          "status": "passed",
          "title": "should compile combo metrics",
          "duration": 0.29940000000010514,
          "failureMessages": [],
          "meta": {}
        },
        {
          "ancestorTitles": ["MetricsCompiler"],
          "fullName": "MetricsCompiler should compile card metrics",
          "status": "passed",
          "title": "should compile card metrics",
          "duration": 0.3125999999999749,
          "failureMessages": [],
          "meta": {}
        },
        {
          "ancestorTitles": ["MetricsCompiler"],
          "fullName": "MetricsCompiler should compile enemy metrics",
          "status": "passed",
          "title": "should compile enemy metrics",
          "duration": 0.22299999999995634,
          "failureMessages": [],
          "meta": {}
        },
        {
          "ancestorTitles": ["MetricsCompiler"],
          "fullName": "MetricsCompiler should handle null state gracefully",
          "status": "passed",
          "title": "should handle null state gracefully",
          "duration": 0.13789999999994507,
          "failureMessages": [],
          "meta": {}
        }
      ],
      "startTime": 1768218147911,
      "endTime": 1768218147914.3125,
      "status": "passed",
      "message": "",
      "name": "D:/crypto-cyber-survivors/tests/services/metrics/MetricsCompiler.test.ts"
    },
    {
      "assertionResults": [
        {
          "ancestorTitles": ["MetricsExporter"],
          "fullName": "MetricsExporter should export to JSON",
          "status": "passed",
          "title": "should export to JSON",
          "duration": 2.5516999999999825,
          "failureMessages": [],
          "meta": {}
        },
        {
          "ancestorTitles": ["MetricsExporter"],
          "fullName": "MetricsExporter should export to CSV",
          "status": "passed",
          "title": "should export to CSV",
          "duration": 0.6927000000000589,
          "failureMessages": [],
          "meta": {}
        },
        {
          "ancestorTitles": ["MetricsExporter"],
          "fullName": "MetricsExporter should trigger JSON download in browser",
          "status": "passed",
          "title": "should trigger JSON download in browser",
          "duration": 3.77579999999989,
          "failureMessages": [],
          "meta": {}
        },
        {
          "ancestorTitles": ["MetricsExporter"],
          "fullName": "MetricsExporter should trigger CSV download in browser",
          "status": "passed",
          "title": "should trigger CSV download in browser",
          "duration": 0.8870999999999185,
          "failureMessages": [],
          "meta": {}
        }
      ],
      "startTime": 1768218145252,
      "endTime": 1768218145259.8872,
      "status": "passed",
      "message": "",
      "name": "D:/crypto-cyber-survivors/tests/services/metrics/MetricsExporter.test.ts"
    },
    {
      "assertionResults": [
        {
          "ancestorTitles": ["CollectionSystem", "Standard Gems"],
          "fullName": "CollectionSystem Standard Gems should collect a gem when in range",
          "status": "passed",
          "title": "should collect a gem when in range",
          "duration": 4.53859999999986,
          "failureMessages": [],
          "meta": {}
        },
        {
          "ancestorTitles": ["CollectionSystem", "Standard Gems"],
          "fullName": "CollectionSystem Standard Gems should magnetize a gem when in magnet range",
          "status": "passed",
          "title": "should magnetize a gem when in magnet range",
          "duration": 0.7831999999998516,
          "failureMessages": [],
          "meta": {}
        },
        {
          "ancestorTitles": ["CollectionSystem", "Buff Gems"],
          "fullName": "CollectionSystem Buff Gems should collect a buff gem when in range",
          "status": "passed",
          "title": "should collect a buff gem when in range",
          "duration": 3.1259000000000015,
          "failureMessages": [],
          "meta": {}
        },
        {
          "ancestorTitles": ["CollectionSystem", "Buff Gems"],
          "fullName": "CollectionSystem Buff Gems should pull buff gems toward player even if outside pickup range",
          "status": "passed",
          "title": "should pull buff gems toward player even if outside pickup range",
          "duration": 0.5139999999998963,
          "failureMessages": [],
          "meta": {}
        }
      ],
      "startTime": 1768218143683,
      "endTime": 1768218143692.514,
      "status": "passed",
      "message": "",
      "name": "D:/crypto-cyber-survivors/tests/services/physics/CollectionSystem.test.ts"
    },
    {
      "assertionResults": [
        {
          "ancestorTitles": ["CollisionSystem", "update (General)"],
          "fullName": "CollisionSystem update (General) should cull off-screen enemies",
          "status": "passed",
          "title": "should cull off-screen enemies",
          "duration": 2.814399999999978,
          "failureMessages": [],
          "meta": {}
        },
        {
          "ancestorTitles": ["CollisionSystem", "update (General)"],
          "fullName": "CollisionSystem update (General) should start spawn timer when enemy enters screen",
          "status": "passed",
          "title": "should start spawn timer when enemy enters screen",
          "duration": 0.9529999999999745,
          "failureMessages": [],
          "meta": {}
        },
        {
          "ancestorTitles": ["CollisionSystem", "update (General)"],
          "fullName": "CollisionSystem update (General) should flush damage buffer when timer expires",
          "status": "passed",
          "title": "should flush damage buffer when timer expires",
          "duration": 3.246800000000121,
          "failureMessages": [],
          "meta": {}
        },
        {
          "ancestorTitles": ["CollisionSystem", "Player-Enemy Collision"],
          "fullName": "CollisionSystem Player-Enemy Collision should deal damage to player when colliding",
          "status": "passed",
          "title": "should deal damage to player when colliding",
          "duration": 1.2234000000000833,
          "failureMessages": [],
          "meta": {}
        },
        {
          "ancestorTitles": ["CollisionSystem", "Player-Enemy Collision"],
          "fullName": "CollisionSystem Player-Enemy Collision should trigger Game Over if player hp drops to 0",
          "status": "passed",
          "title": "should trigger Game Over if player hp drops to 0",
          "duration": 0.593199999999797,
          "failureMessages": [],
          "meta": {}
        },
        {
          "ancestorTitles": ["CollisionSystem", "Player-Enemy Collision"],
          "fullName": "CollisionSystem Player-Enemy Collision should respect God Mode (no damage)",
          "status": "passed",
          "title": "should respect God Mode (no damage)",
          "duration": 0.48460000000000036,
          "failureMessages": [],
          "meta": {}
        },
        {
          "ancestorTitles": ["CollisionSystem", "Player-Enemy Collision"],
          "fullName": "CollisionSystem Player-Enemy Collision should apply armor reduction logic",
          "status": "passed",
          "title": "should apply armor reduction logic",
          "duration": 0.4780000000000655,
          "failureMessages": [],
          "meta": {}
        },
        {
          "ancestorTitles": ["CollisionSystem", "Player-Enemy Collision"],
          "fullName": "CollisionSystem Player-Enemy Collision should succeed dodge if random check passes",
          "status": "passed",
          "title": "should succeed dodge if random check passes",
          "duration": 1.2824000000000524,
          "failureMessages": [],
          "meta": {}
        },
        {
          "ancestorTitles": ["CollisionSystem", "Bullet-Enemy Collision"],
          "fullName": "CollisionSystem Bullet-Enemy Collision should damage enemy and deactivate bullet",
          "status": "passed",
          "title": "should damage enemy and deactivate bullet",
          "duration": 0.8734000000001743,
          "failureMessages": [],
          "meta": {}
        },
        {
          "ancestorTitles": ["CollisionSystem", "Bullet-Enemy Collision"],
          "fullName": "CollisionSystem Bullet-Enemy Collision should buffer damage numbers",
          "status": "passed",
          "title": "should buffer damage numbers",
          "duration": 0.7952999999999975,
          "failureMessages": [],
          "meta": {}
        },
        {
          "ancestorTitles": ["CollisionSystem", "Bullet-Enemy Collision"],
          "fullName": "CollisionSystem Bullet-Enemy Collision should emit hitStop event on critical collision",
          "status": "passed",
          "title": "should emit hitStop event on critical collision",
          "duration": 1.1865000000000236,
          "failureMessages": [],
          "meta": {}
        },
        {
          "ancestorTitles": ["CollisionSystem", "Bullet-Enemy Collision"],
          "fullName": "CollisionSystem Bullet-Enemy Collision should handle enemy death",
          "status": "passed",
          "title": "should handle enemy death",
          "duration": 1.1674999999997908,
          "failureMessages": [],
          "meta": {}
        },
        {
          "ancestorTitles": ["CollisionSystem", "Bullet-Enemy Collision"],
          "fullName": "CollisionSystem Bullet-Enemy Collision should handle Crit hits correctly",
          "status": "passed",
          "title": "should handle Crit hits correctly",
          "duration": 0.7398999999998068,
          "failureMessages": [],
          "meta": {}
        }
      ],
      "startTime": 1768218137608,
      "endTime": 1768218137624.74,
      "status": "passed",
      "message": "",
      "name": "D:/crypto-cyber-survivors/tests/services/physics/CollisionSystem.test.ts"
    }
  ]
}
